Base path: 'D:/2021.3.24f1/Editor/Data', plugins path 'D:/2021.3.24f1/Editor/Data/PlaybackEngines'
Cmd: initializeCompiler

Cmd: compileSnippet
  insize=1765 file=Packages/com.unity.barracuda/Barracuda/Runtime/Core/Resources/Barracuda/PixelShaders/Barracuda/AvgPool2D pass= cachingPP=1 ppOnly=0 stripLineD=0 buildPlatform=19 rsLen=0 pKW=UNITY_ENABLE_REFLECTION_BUFFERS UNITY_USE_DITHER_MASK_FOR_ALPHABLENDED_SHADOWS UNITY_PBS_USE_BRDF1 UNITY_SPECCUBE_BOX_PROJECTION UNITY_SPECCUBE_BLENDING UNITY_ENABLE_DETAIL_NORMALMAP SHADER_API_DESKTOP UNITY_LIGHT_PROBE_PROXY_VOLUME UNITY_LIGHTMAP_FULL_HDR uKW=BATCHTILLING_ON dKW=BATCHTILLING_OFF UNITY_NO_DXT5nm UNITY_FRAMEBUFFER_FETCH_AVAILABLE UNITY_ENABLE_NATIVE_SHADOW_LOOKUPS UNITY_METAL_SHADOWS_USE_POINT_FILTERING UNITY_NO_SCREENSPACE_SHADOWS UNITY_PBS_USE_BRDF2 UNITY_PBS_USE_BRDF3 UNITY_NO_FULL_STANDARD_SHADER UNITY_HARDWARE_TIER1 UNITY_HARDWARE_TIER2 UNITY_HARDWARE_TIER3 UNITY_COLORSPACE_GAMMA UNITY_HALF_PRECISION_FRAGMENT_SHADER_REGISTERS UNITY_LIGHTMAP_DLDR_ENCODING UNITY_LIGHTMAP_RGBM_ENCODING UNITY_VIRTUAL_TEXTURING UNITY_PRETRANSFORM_TO_DISPLAY_ORIENTATION UNITY_ASTC_NORMALMAP_ENCODING SHADER_API_GLES30 UNITY_UNIFIED_SHADER_PRECISION_MODEL flags=0 lang=0 type=Vertex platform=d3d11 reqs=33 mask=6 start=13 ok=1 outsize=682

Cmd: compileSnippet
  insize=954 file=Packages/com.unity.barracuda/Barracuda/Runtime/Core/Resources/Barracuda/PixelShaders/Barracuda/Sqrt pass= cachingPP=1 ppOnly=0 stripLineD=0 buildPlatform=19 rsLen=0 pKW=UNITY_ENABLE_REFLECTION_BUFFERS UNITY_USE_DITHER_MASK_FOR_ALPHABLENDED_SHADOWS UNITY_PBS_USE_BRDF1 UNITY_SPECCUBE_BOX_PROJECTION UNITY_SPECCUBE_BLENDING UNITY_ENABLE_DETAIL_NORMALMAP SHADER_API_DESKTOP UNITY_LIGHT_PROBE_PROXY_VOLUME UNITY_LIGHTMAP_FULL_HDR uKW=BATCHTILLING_ON dKW=BATCHTILLING_OFF UNITY_NO_DXT5nm UNITY_FRAMEBUFFER_FETCH_AVAILABLE UNITY_ENABLE_NATIVE_SHADOW_LOOKUPS UNITY_METAL_SHADOWS_USE_POINT_FILTERING UNITY_NO_SCREENSPACE_SHADOWS UNITY_PBS_USE_BRDF2 UNITY_PBS_USE_BRDF3 UNITY_NO_FULL_STANDARD_SHADER UNITY_HARDWARE_TIER1 UNITY_HARDWARE_TIER2 UNITY_HARDWARE_TIER3 UNITY_COLORSPACE_GAMMA UNITY_HALF_PRECISION_FRAGMENT_SHADER_REGISTERS UNITY_LIGHTMAP_DLDR_ENCODING UNITY_LIGHTMAP_RGBM_ENCODING UNITY_VIRTUAL_TEXTURING UNITY_PRETRANSFORM_TO_DISPLAY_ORIENTATION UNITY_ASTC_NORMALMAP_ENCODING SHADER_API_GLES30 UNITY_UNIFIED_SHADER_PRECISION_MODEL flags=0 lang=0 type=Fragment platform=d3d11 reqs=33 mask=6 start=13 ok=1 outsize=2586

Cmd: compileSnippet
  insize=1346 file=Packages/com.unity.barracuda/Barracuda/Runtime/Core/Resources/Barracuda/PixelShaders/Barracuda/TensorToBuffer pass= cachingPP=1 ppOnly=0 stripLineD=0 buildPlatform=19 rsLen=0 pKW=UNITY_ENABLE_REFLECTION_BUFFERS UNITY_USE_DITHER_MASK_FOR_ALPHABLENDED_SHADOWS UNITY_PBS_USE_BRDF1 UNITY_SPECCUBE_BOX_PROJECTION UNITY_SPECCUBE_BLENDING UNITY_ENABLE_DETAIL_NORMALMAP SHADER_API_DESKTOP UNITY_LIGHT_PROBE_PROXY_VOLUME UNITY_LIGHTMAP_FULL_HDR uKW=BATCHTILLING_ON dKW=BATCHTILLING_OFF UNITY_NO_DXT5nm UNITY_FRAMEBUFFER_FETCH_AVAILABLE UNITY_ENABLE_NATIVE_SHADOW_LOOKUPS UNITY_METAL_SHADOWS_USE_POINT_FILTERING UNITY_NO_SCREENSPACE_SHADOWS UNITY_PBS_USE_BRDF2 UNITY_PBS_USE_BRDF3 UNITY_NO_FULL_STANDARD_SHADER UNITY_HARDWARE_TIER1 UNITY_HARDWARE_TIER2 UNITY_HARDWARE_TIER3 UNITY_COLORSPACE_GAMMA UNITY_HALF_PRECISION_FRAGMENT_SHADER_REGISTERS UNITY_LIGHTMAP_DLDR_ENCODING UNITY_LIGHTMAP_RGBM_ENCODING UNITY_VIRTUAL_TEXTURING UNITY_PRETRANSFORM_TO_DISPLAY_ORIENTATION UNITY_ASTC_NORMALMAP_ENCODING SHADER_API_GLES30 UNITY_UNIFIED_SHADER_PRECISION_MODEL flags=0 lang=0 type=Vertex platform=d3d11 reqs=33 mask=6 start=13 ok=1 outsize=682

Cmd: compileSnippet
  insize=1464 file=Packages/com.unity.barracuda/Barracuda/Runtime/Core/Resources/Barracuda/PixelShaders/Barracuda/Border2D pass= cachingPP=1 ppOnly=0 stripLineD=0 buildPlatform=19 rsLen=0 pKW=UNITY_ENABLE_REFLECTION_BUFFERS UNITY_USE_DITHER_MASK_FOR_ALPHABLENDED_SHADOWS UNITY_PBS_USE_BRDF1 UNITY_SPECCUBE_BOX_PROJECTION UNITY_SPECCUBE_BLENDING UNITY_ENABLE_DETAIL_NORMALMAP SHADER_API_DESKTOP UNITY_LIGHT_PROBE_PROXY_VOLUME UNITY_LIGHTMAP_FULL_HDR uKW=BATCHTILLING_ON dKW=BATCHTILLING_OFF UNITY_NO_DXT5nm UNITY_FRAMEBUFFER_FETCH_AVAILABLE UNITY_ENABLE_NATIVE_SHADOW_LOOKUPS UNITY_METAL_SHADOWS_USE_POINT_FILTERING UNITY_NO_SCREENSPACE_SHADOWS UNITY_PBS_USE_BRDF2 UNITY_PBS_USE_BRDF3 UNITY_NO_FULL_STANDARD_SHADER UNITY_HARDWARE_TIER1 UNITY_HARDWARE_TIER2 UNITY_HARDWARE_TIER3 UNITY_COLORSPACE_GAMMA UNITY_HALF_PRECISION_FRAGMENT_SHADER_REGISTERS UNITY_LIGHTMAP_DLDR_ENCODING UNITY_LIGHTMAP_RGBM_ENCODING UNITY_VIRTUAL_TEXTURING UNITY_PRETRANSFORM_TO_DISPLAY_ORIENTATION UNITY_ASTC_NORMALMAP_ENCODING SHADER_API_GLES30 UNITY_UNIFIED_SHADER_PRECISION_MODEL flags=0 lang=0 type=Fragment platform=d3d11 reqs=33 mask=6 start=13 ok=1 outsize=2798

Cmd: compileComputeKernel
  insize=313 file=Packages/com.unity.barracuda/Barracuda/Runtime/Core/Resources/Barracuda/ActivationB.compute kernel=Sqrt_Flat cachingPP=1 ppOnly=0 stripLineD=0 buildPlatform=19 km=<UNITY_VERSION=202139> pKW=UNITY_ENABLE_REFLECTION_BUFFERS UNITY_USE_DITHER_MASK_FOR_ALPHABLENDED_SHADOWS UNITY_PBS_USE_BRDF1 UNITY_SPECCUBE_BOX_PROJECTION UNITY_SPECCUBE_BLENDING UNITY_ENABLE_DETAIL_NORMALMAP SHADER_API_DESKTOP UNITY_LIGHT_PROBE_PROXY_VOLUME UNITY_LIGHTMAP_FULL_HDR uKW=SHADER_STAGE_COMPUTE platform=d3d11 flags=0 reqs=16385 forceDXC=0 forceFXC=0 ok=1 outsize=674

Cmd: compileComputeKernel
  insize=3365 file=Packages/com.unity.barracuda/Barracuda/Runtime/Core/Resources/Barracuda/Conv2dBase.compute kernel=Conv2DKernelKxK_StrictC16LaxK64_T8x8_R8x8_NCHW cachingPP=1 ppOnly=0 stripLineD=0 buildPlatform=19 km=<CHANNELS_FIRST=1>,<BLOCK_SIZE=8>,<KERNEL_PER_TG=64>,<STRICT_CHANNELS=1>,<LAX_KERNEL=1>,<SUFFIX=KernelKxK_StrictC16LaxK64_T8x8_R>,<UNITY_VERSION=202139> pKW=UNITY_ENABLE_REFLECTION_BUFFERS UNITY_USE_DITHER_MASK_FOR_ALPHABLENDED_SHADOWS UNITY_PBS_USE_BRDF1 UNITY_SPECCUBE_BOX_PROJECTION UNITY_SPECCUBE_BLENDING UNITY_ENABLE_DETAIL_NORMALMAP SHADER_API_DESKTOP UNITY_LIGHT_PROBE_PROXY_VOLUME UNITY_LIGHTMAP_FULL_HDR uKW=SHADER_STAGE_COMPUTE platform=d3d11 flags=0 reqs=16385 forceDXC=0 forceFXC=0 ok=1 outsize=22258

Cmd: compileComputeKernel
  insize=67315 file=Packages/com.unity.barracuda/Barracuda/Runtime/Core/Resources/Barracuda/Conv2dMobile.compute kernel=DepthwiseConv2D_Default_NCHW cachingPP=1 ppOnly=0 stripLineD=0 buildPlatform=19 km=<CHANNELS_FIRST=1>,<KERNEL_SHAPE=1>,<UNITY_VERSION=202139> pKW=UNITY_ENABLE_REFLECTION_BUFFERS UNITY_USE_DITHER_MASK_FOR_ALPHABLENDED_SHADOWS UNITY_PBS_USE_BRDF1 UNITY_SPECCUBE_BOX_PROJECTION UNITY_SPECCUBE_BLENDING UNITY_ENABLE_DETAIL_NORMALMAP SHADER_API_DESKTOP UNITY_LIGHT_PROBE_PROXY_VOLUME UNITY_LIGHTMAP_FULL_HDR uKW=SHADER_STAGE_COMPUTE platform=d3d11 flags=0 reqs=16385 forceDXC=0 forceFXC=0 ok=1 outsize=2764

Cmd: compileComputeKernel
  insize=67315 file=Packages/com.unity.barracuda/Barracuda/Runtime/Core/Resources/Barracuda/Conv2dMobile.compute kernel=Conv2D_KernelKxK_T8x8_R4x4_NCHW cachingPP=1 ppOnly=0 stripLineD=0 buildPlatform=19 km=<CHANNELS_FIRST=1>,<BLOCK_SIZE=4>,<KERNEL_PER_TG=64>,<SUFFIX=KernelKxK_T8x8_R>,<UNITY_VERSION=202139> pKW=UNITY_ENABLE_REFLECTION_BUFFERS UNITY_USE_DITHER_MASK_FOR_ALPHABLENDED_SHADOWS UNITY_PBS_USE_BRDF1 UNITY_SPECCUBE_BOX_PROJECTION UNITY_SPECCUBE_BLENDING UNITY_ENABLE_DETAIL_NORMALMAP SHADER_API_DESKTOP UNITY_LIGHT_PROBE_PROXY_VOLUME UNITY_LIGHTMAP_FULL_HDR uKW=SHADER_STAGE_COMPUTE platform=d3d11 flags=0 reqs=16385 forceDXC=0 forceFXC=0 ok=1 outsize=10639

Cmd: compileComputeKernel
  insize=713 file=Packages/com.unity.barracuda/Barracuda/Runtime/Core/Resources/Barracuda/ActivationA.compute kernel=Relu6_Flat cachingPP=1 ppOnly=0 stripLineD=0 buildPlatform=19 km=<UNITY_VERSION=202139> pKW=UNITY_ENABLE_REFLECTION_BUFFERS UNITY_USE_DITHER_MASK_FOR_ALPHABLENDED_SHADOWS UNITY_PBS_USE_BRDF1 UNITY_SPECCUBE_BOX_PROJECTION UNITY_SPECCUBE_BLENDING UNITY_ENABLE_DETAIL_NORMALMAP SHADER_API_DESKTOP UNITY_LIGHT_PROBE_PROXY_VOLUME UNITY_LIGHTMAP_FULL_HDR uKW=SHADER_STAGE_COMPUTE platform=d3d11 flags=0 reqs=16385 forceDXC=0 forceFXC=0 ok=1 outsize=711

Cmd: compileComputeKernel
  insize=713 file=Packages/com.unity.barracuda/Barracuda/Runtime/Core/Resources/Barracuda/ActivationA.compute kernel=LeakyRelu_FlatStrict cachingPP=1 ppOnly=0 stripLineD=0 buildPlatform=19 km=<UNITY_VERSION=202139> pKW=UNITY_ENABLE_REFLECTION_BUFFERS UNITY_USE_DITHER_MASK_FOR_ALPHABLENDED_SHADOWS UNITY_PBS_USE_BRDF1 UNITY_SPECCUBE_BOX_PROJECTION UNITY_SPECCUBE_BLENDING UNITY_ENABLE_DETAIL_NORMALMAP SHADER_API_DESKTOP UNITY_LIGHT_PROBE_PROXY_VOLUME UNITY_LIGHTMAP_FULL_HDR uKW=SHADER_STAGE_COMPUTE platform=d3d11 flags=0 reqs=16385 forceDXC=0 forceFXC=0 ok=1 outsize=805

Cmd: compileComputeKernel
  insize=1031 file=Packages/com.unity.barracuda/Barracuda/Runtime/Core/Resources/Barracuda/Broadcast_NCHW.compute kernel=BroadcastEqual_NCHW cachingPP=1 ppOnly=0 stripLineD=0 buildPlatform=19 km=<CHANNELS_FIRST=1>,<UNITY_VERSION=202139> pKW=UNITY_ENABLE_REFLECTION_BUFFERS UNITY_USE_DITHER_MASK_FOR_ALPHABLENDED_SHADOWS UNITY_PBS_USE_BRDF1 UNITY_SPECCUBE_BOX_PROJECTION UNITY_SPECCUBE_BLENDING UNITY_ENABLE_DETAIL_NORMALMAP SHADER_API_DESKTOP UNITY_LIGHT_PROBE_PROXY_VOLUME UNITY_LIGHTMAP_FULL_HDR uKW=SHADER_STAGE_COMPUTE platform=d3d11 flags=0 reqs=16385 forceDXC=0 forceFXC=0 ok=1 outsize=1495

Cmd: compileComputeKernel
  insize=13347 file=Packages/com.unity.barracuda/Barracuda/Runtime/Core/Resources/Barracuda/Conv3d.compute kernel=Conv3DKernelKxK_LaxC8LaxK32_T8x16_R4x4_NHWC cachingPP=1 ppOnly=0 stripLineD=0 buildPlatform=19 km=<CHANNELS_FIRST=0>,<LAX_KERNEL=1>,<SUFFIX=KernelKxK_LaxC8LaxK32_T8x16_R>,<UNITY_VERSION=202139> pKW=UNITY_ENABLE_REFLECTION_BUFFERS UNITY_USE_DITHER_MASK_FOR_ALPHABLENDED_SHADOWS UNITY_PBS_USE_BRDF1 UNITY_SPECCUBE_BOX_PROJECTION UNITY_SPECCUBE_BLENDING UNITY_ENABLE_DETAIL_NORMALMAP SHADER_API_DESKTOP UNITY_LIGHT_PROBE_PROXY_VOLUME UNITY_LIGHTMAP_FULL_HDR uKW=SHADER_STAGE_COMPUTE platform=d3d11 flags=0 reqs=16385 forceDXC=0 forceFXC=0 ok=1 outsize=11359

Cmd: compileComputeKernel
  insize=13703 file=Packages/com.unity.barracuda/Barracuda/Runtime/Core/Resources/Barracuda/Generic.compute kernel=ScaleBias_CNyx_NHWC cachingPP=1 ppOnly=0 stripLineD=0 buildPlatform=19 km=<CHANNELS_FIRST=0>,<UNITY_VERSION=202139> pKW=UNITY_ENABLE_REFLECTION_BUFFERS UNITY_USE_DITHER_MASK_FOR_ALPHABLENDED_SHADOWS UNITY_PBS_USE_BRDF1 UNITY_SPECCUBE_BOX_PROJECTION UNITY_SPECCUBE_BLENDING UNITY_ENABLE_DETAIL_NORMALMAP SHADER_API_DESKTOP UNITY_LIGHT_PROBE_PROXY_VOLUME UNITY_LIGHTMAP_FULL_HDR uKW=SHADER_STAGE_COMPUTE platform=d3d11 flags=0 reqs=16385 forceDXC=0 forceFXC=0 ok=1 outsize=1499

Cmd: compileComputeKernel
  insize=13703 file=Packages/com.unity.barracuda/Barracuda/Runtime/Core/Resources/Barracuda/Generic.compute kernel=ReshapeFromNHWCModel_Flat_NCHW cachingPP=1 ppOnly=0 stripLineD=0 buildPlatform=19 km=<CHANNELS_FIRST=1>,<UNITY_VERSION=202139> pKW=UNITY_ENABLE_REFLECTION_BUFFERS UNITY_USE_DITHER_MASK_FOR_ALPHABLENDED_SHADOWS UNITY_PBS_USE_BRDF1 UNITY_SPECCUBE_BOX_PROJECTION UNITY_SPECCUBE_BLENDING UNITY_ENABLE_DETAIL_NORMALMAP SHADER_API_DESKTOP UNITY_LIGHT_PROBE_PROXY_VOLUME UNITY_LIGHTMAP_FULL_HDR uKW=SHADER_STAGE_COMPUTE platform=d3d11 flags=0 reqs=16385 forceDXC=0 forceFXC=0 ok=1 outsize=1585

Cmd: compileComputeKernel
  insize=15342 file=Packages/com.unity.barracuda/Barracuda/Runtime/Core/Resources/Barracuda/Reduce.compute kernel=GlobalReduceSum cachingPP=1 ppOnly=0 stripLineD=0 buildPlatform=19 km=<LOOP=0>,<REDUCESUM=1>,<GLOBALSUFFIX=GlobalReduceSum>,<UNITY_VERSION=202139> pKW=UNITY_ENABLE_REFLECTION_BUFFERS UNITY_USE_DITHER_MASK_FOR_ALPHABLENDED_SHADOWS UNITY_PBS_USE_BRDF1 UNITY_SPECCUBE_BOX_PROJECTION UNITY_SPECCUBE_BLENDING UNITY_ENABLE_DETAIL_NORMALMAP SHADER_API_DESKTOP UNITY_LIGHT_PROBE_PROXY_VOLUME UNITY_LIGHTMAP_FULL_HDR uKW=SHADER_STAGE_COMPUTE platform=d3d11 flags=0 reqs=16385 forceDXC=0 forceFXC=0 ok=1 outsize=2246

Cmd: compileComputeKernel
  insize=15342 file=Packages/com.unity.barracuda/Barracuda/Runtime/Core/Resources/Barracuda/Reduce.compute kernel=GlobalReduceExpBias cachingPP=1 ppOnly=0 stripLineD=0 buildPlatform=19 km=<LOOP=0>,<REDUCEEXPBIAS=1>,<GLOBALSUFFIX=GlobalReduceExpBias>,<UNITY_VERSION=202139> pKW=UNITY_ENABLE_REFLECTION_BUFFERS UNITY_USE_DITHER_MASK_FOR_ALPHABLENDED_SHADOWS UNITY_PBS_USE_BRDF1 UNITY_SPECCUBE_BOX_PROJECTION UNITY_SPECCUBE_BLENDING UNITY_ENABLE_DETAIL_NORMALMAP SHADER_API_DESKTOP UNITY_LIGHT_PROBE_PROXY_VOLUME UNITY_LIGHTMAP_FULL_HDR uKW=SHADER_STAGE_COMPUTE platform=d3d11 flags=0 reqs=16385 forceDXC=0 forceFXC=0 ok=1 outsize=2716

Cmd: compileComputeKernel
  insize=764 file=Packages/com.unity.barracuda/Barracuda/Runtime/Core/Resources/Barracuda/Conv2dA_NCHW.compute kernel=DepthwiseConv2D_NCHW cachingPP=1 ppOnly=0 stripLineD=0 buildPlatform=19 km=<CHANNELS_FIRST=1>,<UNITY_VERSION=202139> pKW=UNITY_ENABLE_REFLECTION_BUFFERS UNITY_USE_DITHER_MASK_FOR_ALPHABLENDED_SHADOWS UNITY_PBS_USE_BRDF1 UNITY_SPECCUBE_BOX_PROJECTION UNITY_SPECCUBE_BLENDING UNITY_ENABLE_DETAIL_NORMALMAP SHADER_API_DESKTOP UNITY_LIGHT_PROBE_PROXY_VOLUME UNITY_LIGHTMAP_FULL_HDR uKW=SHADER_STAGE_COMPUTE platform=d3d11 flags=0 reqs=16385 forceDXC=0 forceFXC=0 ok=1 outsize=4420

Cmd: compileComputeKernel
  insize=88028 file=Packages/com.unity.barracuda/Barracuda/Runtime/Core/Resources/Barracuda/BarracudaReferenceImpl.compute kernel=Conv3D_NHWC cachingPP=1 ppOnly=0 stripLineD=0 buildPlatform=19 km=<CHANNELS_FIRST=0>,<UNITY_VERSION=202139> pKW=UNITY_ENABLE_REFLECTION_BUFFERS UNITY_USE_DITHER_MASK_FOR_ALPHABLENDED_SHADOWS UNITY_PBS_USE_BRDF1 UNITY_SPECCUBE_BOX_PROJECTION UNITY_SPECCUBE_BLENDING UNITY_ENABLE_DETAIL_NORMALMAP SHADER_API_DESKTOP UNITY_LIGHT_PROBE_PROXY_VOLUME UNITY_LIGHTMAP_FULL_HDR uKW=SHADER_STAGE_COMPUTE platform=d3d11 flags=0 reqs=16385 forceDXC=0 forceFXC=0  error: 1 plat 4 at BarracudaReferenceImpl.compute(2720): signed/unsigned mismatch, unsigned assumed
  error: 1 plat 4 at BarracudaReferenceImpl.compute(2747): signed/unsigned mismatch, unsigned assumed
  error: 1 plat 4 at BarracudaReferenceImpl.compute(2763): signed/unsigned mismatch, unsigned assumed
  error: 1 plat 4 at BarracudaReferenceImpl.compute(2765): signed/unsigned mismatch, unsigned assumed
  error: 1 plat 4 at BarracudaReferenceImpl.compute(2767): signed/unsigned mismatch, unsigned assumed
  error: 1 plat 4 at BarracudaReferenceImpl.compute(2769): signed/unsigned mismatch, unsigned assumed
 ok=1 outsize=3818

Cmd: compileComputeKernel
  insize=88028 file=Packages/com.unity.barracuda/Barracuda/Runtime/Core/Resources/Barracuda/BarracudaReferenceImpl.compute kernel=ScaleBias_NHWC cachingPP=1 ppOnly=0 stripLineD=0 buildPlatform=19 km=<CHANNELS_FIRST=0>,<UNITY_VERSION=202139> pKW=UNITY_ENABLE_REFLECTION_BUFFERS UNITY_USE_DITHER_MASK_FOR_ALPHABLENDED_SHADOWS UNITY_PBS_USE_BRDF1 UNITY_SPECCUBE_BOX_PROJECTION UNITY_SPECCUBE_BLENDING UNITY_ENABLE_DETAIL_NORMALMAP SHADER_API_DESKTOP UNITY_LIGHT_PROBE_PROXY_VOLUME UNITY_LIGHTMAP_FULL_HDR uKW=SHADER_STAGE_COMPUTE platform=d3d11 flags=0 reqs=16385 forceDXC=0 forceFXC=0  error: 1 plat 4 at BarracudaReferenceImpl.compute(2720): signed/unsigned mismatch, unsigned assumed
  error: 1 plat 4 at BarracudaReferenceImpl.compute(2747): signed/unsigned mismatch, unsigned assumed
  error: 1 plat 4 at BarracudaReferenceImpl.compute(2763): signed/unsigned mismatch, unsigned assumed
  error: 1 plat 4 at BarracudaReferenceImpl.compute(2765): signed/unsigned mismatch, unsigned assumed
  error: 1 plat 4 at BarracudaReferenceImpl.compute(2767): signed/unsigned mismatch, unsigned assumed
  error: 1 plat 4 at BarracudaReferenceImpl.compute(2769): signed/unsigned mismatch, unsigned assumed
 ok=1 outsize=3685

Cmd: compileComputeKernel
  insize=88028 file=Packages/com.unity.barracuda/Barracuda/Runtime/Core/Resources/Barracuda/BarracudaReferenceImpl.compute kernel=Floor_NHWC cachingPP=1 ppOnly=0 stripLineD=0 buildPlatform=19 km=<CHANNELS_FIRST=0>,<UNITY_VERSION=202139> pKW=UNITY_ENABLE_REFLECTION_BUFFERS UNITY_USE_DITHER_MASK_FOR_ALPHABLENDED_SHADOWS UNITY_PBS_USE_BRDF1 UNITY_SPECCUBE_BOX_PROJECTION UNITY_SPECCUBE_BLENDING UNITY_ENABLE_DETAIL_NORMALMAP SHADER_API_DESKTOP UNITY_LIGHT_PROBE_PROXY_VOLUME UNITY_LIGHTMAP_FULL_HDR uKW=SHADER_STAGE_COMPUTE platform=d3d11 flags=0 reqs=16385 forceDXC=0 forceFXC=0  error: 1 plat 4 at BarracudaReferenceImpl.compute(2720): signed/unsigned mismatch, unsigned assumed
  error: 1 plat 4 at BarracudaReferenceImpl.compute(2747): signed/unsigned mismatch, unsigned assumed
  error: 1 plat 4 at BarracudaReferenceImpl.compute(2763): signed/unsigned mismatch, unsigned assumed
  error: 1 plat 4 at BarracudaReferenceImpl.compute(2765): signed/unsigned mismatch, unsigned assumed
  error: 1 plat 4 at BarracudaReferenceImpl.compute(2767): signed/unsigned mismatch, unsigned assumed
  error: 1 plat 4 at BarracudaReferenceImpl.compute(2769): signed/unsigned mismatch, unsigned assumed
 ok=1 outsize=3373

Cmd: compileComputeKernel
  insize=88028 file=Packages/com.unity.barracuda/Barracuda/Runtime/Core/Resources/Barracuda/BarracudaReferenceImpl.compute kernel=Sigmoid_NCHW cachingPP=1 ppOnly=0 stripLineD=0 buildPlatform=19 km=<CHANNELS_FIRST=1>,<UNITY_VERSION=202139> pKW=UNITY_ENABLE_REFLECTION_BUFFERS UNITY_USE_DITHER_MASK_FOR_ALPHABLENDED_SHADOWS UNITY_PBS_USE_BRDF1 UNITY_SPECCUBE_BOX_PROJECTION UNITY_SPECCUBE_BLENDING UNITY_ENABLE_DETAIL_NORMALMAP SHADER_API_DESKTOP UNITY_LIGHT_PROBE_PROXY_VOLUME UNITY_LIGHTMAP_FULL_HDR uKW=SHADER_STAGE_COMPUTE platform=d3d11 flags=0 reqs=16385 forceDXC=0 forceFXC=0  error: 1 plat 4 at BarracudaReferenceImpl.compute(2720): signed/unsigned mismatch, unsigned assumed
  error: 1 plat 4 at BarracudaReferenceImpl.compute(2747): signed/unsigned mismatch, unsigned assumed
  error: 1 plat 4 at BarracudaReferenceImpl.compute(2763): signed/unsigned mismatch, unsigned assumed
  error: 1 plat 4 at BarracudaReferenceImpl.compute(2765): signed/unsigned mismatch, unsigned assumed
  error: 1 plat 4 at BarracudaReferenceImpl.compute(2767): signed/unsigned mismatch, unsigned assumed
  error: 1 plat 4 at BarracudaReferenceImpl.compute(2769): signed/unsigned mismatch, unsigned assumed
 ok=1 outsize=3471

Cmd: compileComputeKernel
  insize=88028 file=Packages/com.unity.barracuda/Barracuda/Runtime/Core/Resources/Barracuda/BarracudaReferenceImpl.compute kernel=Log_NCHW cachingPP=1 ppOnly=0 stripLineD=0 buildPlatform=19 km=<CHANNELS_FIRST=1>,<UNITY_VERSION=202139> pKW=UNITY_ENABLE_REFLECTION_BUFFERS UNITY_USE_DITHER_MASK_FOR_ALPHABLENDED_SHADOWS UNITY_PBS_USE_BRDF1 UNITY_SPECCUBE_BOX_PROJECTION UNITY_SPECCUBE_BLENDING UNITY_ENABLE_DETAIL_NORMALMAP SHADER_API_DESKTOP UNITY_LIGHT_PROBE_PROXY_VOLUME UNITY_LIGHTMAP_FULL_HDR uKW=SHADER_STAGE_COMPUTE platform=d3d11 flags=0 reqs=16385 forceDXC=0 forceFXC=0  error: 1 plat 4 at BarracudaReferenceImpl.compute(2720): signed/unsigned mismatch, unsigned assumed
  error: 1 plat 4 at BarracudaReferenceImpl.compute(2747): signed/unsigned mismatch, unsigned assumed
  error: 1 plat 4 at BarracudaReferenceImpl.compute(2763): signed/unsigned mismatch, unsigned assumed
  error: 1 plat 4 at BarracudaReferenceImpl.compute(2765): signed/unsigned mismatch, unsigned assumed
  error: 1 plat 4 at BarracudaReferenceImpl.compute(2767): signed/unsigned mismatch, unsigned assumed
  error: 1 plat 4 at BarracudaReferenceImpl.compute(2769): signed/unsigned mismatch, unsigned assumed
 ok=1 outsize=3399

Cmd: compileComputeKernel
  insize=88028 file=Packages/com.unity.barracuda/Barracuda/Runtime/Core/Resources/Barracuda/BarracudaReferenceImpl.compute kernel=Asinh_NHWC cachingPP=1 ppOnly=0 stripLineD=0 buildPlatform=19 km=<CHANNELS_FIRST=0>,<UNITY_VERSION=202139> pKW=UNITY_ENABLE_REFLECTION_BUFFERS UNITY_USE_DITHER_MASK_FOR_ALPHABLENDED_SHADOWS UNITY_PBS_USE_BRDF1 UNITY_SPECCUBE_BOX_PROJECTION UNITY_SPECCUBE_BLENDING UNITY_ENABLE_DETAIL_NORMALMAP SHADER_API_DESKTOP UNITY_LIGHT_PROBE_PROXY_VOLUME UNITY_LIGHTMAP_FULL_HDR uKW=SHADER_STAGE_COMPUTE platform=d3d11 flags=0 reqs=16385 forceDXC=0 forceFXC=0  error: 1 plat 4 at BarracudaReferenceImpl.compute(2720): signed/unsigned mismatch, unsigned assumed
  error: 1 plat 4 at BarracudaReferenceImpl.compute(2747): signed/unsigned mismatch, unsigned assumed
  error: 1 plat 4 at BarracudaReferenceImpl.compute(2763): signed/unsigned mismatch, unsigned assumed
  error: 1 plat 4 at BarracudaReferenceImpl.compute(2765): signed/unsigned mismatch, unsigned assumed
  error: 1 plat 4 at BarracudaReferenceImpl.compute(2767): signed/unsigned mismatch, unsigned assumed
  error: 1 plat 4 at BarracudaReferenceImpl.compute(2769): signed/unsigned mismatch, unsigned assumed
 ok=1 outsize=3485

Cmd: compileComputeKernel
  insize=88028 file=Packages/com.unity.barracuda/Barracuda/Runtime/Core/Resources/Barracuda/BarracudaReferenceImpl.compute kernel=Tan_NHWC cachingPP=1 ppOnly=0 stripLineD=0 buildPlatform=19 km=<CHANNELS_FIRST=0>,<UNITY_VERSION=202139> pKW=UNITY_ENABLE_REFLECTION_BUFFERS UNITY_USE_DITHER_MASK_FOR_ALPHABLENDED_SHADOWS UNITY_PBS_USE_BRDF1 UNITY_SPECCUBE_BOX_PROJECTION UNITY_SPECCUBE_BLENDING UNITY_ENABLE_DETAIL_NORMALMAP SHADER_API_DESKTOP UNITY_LIGHT_PROBE_PROXY_VOLUME UNITY_LIGHTMAP_FULL_HDR uKW=SHADER_STAGE_COMPUTE platform=d3d11 flags=0 reqs=16385 forceDXC=0 forceFXC=0  error: 1 plat 4 at BarracudaReferenceImpl.compute(2720): signed/unsigned mismatch, unsigned assumed
  error: 1 plat 4 at BarracudaReferenceImpl.compute(2747): signed/unsigned mismatch, unsigned assumed
  error: 1 plat 4 at BarracudaReferenceImpl.compute(2763): signed/unsigned mismatch, unsigned assumed
  error: 1 plat 4 at BarracudaReferenceImpl.compute(2765): signed/unsigned mismatch, unsigned assumed
  error: 1 plat 4 at BarracudaReferenceImpl.compute(2767): signed/unsigned mismatch, unsigned assumed
  error: 1 plat 4 at BarracudaReferenceImpl.compute(2769): signed/unsigned mismatch, unsigned assumed
 ok=1 outsize=3407

Cmd: compileComputeKernel
  insize=88028 file=Packages/com.unity.barracuda/Barracuda/Runtime/Core/Resources/Barracuda/BarracudaReferenceImpl.compute kernel=BroadcastSub_NHWC cachingPP=1 ppOnly=0 stripLineD=0 buildPlatform=19 km=<CHANNELS_FIRST=0>,<UNITY_VERSION=202139> pKW=UNITY_ENABLE_REFLECTION_BUFFERS UNITY_USE_DITHER_MASK_FOR_ALPHABLENDED_SHADOWS UNITY_PBS_USE_BRDF1 UNITY_SPECCUBE_BOX_PROJECTION UNITY_SPECCUBE_BLENDING UNITY_ENABLE_DETAIL_NORMALMAP SHADER_API_DESKTOP UNITY_LIGHT_PROBE_PROXY_VOLUME UNITY_LIGHTMAP_FULL_HDR uKW=SHADER_STAGE_COMPUTE platform=d3d11 flags=0 reqs=16385 forceDXC=0 forceFXC=0  error: 1 plat 4 at BarracudaReferenceImpl.compute(2720): signed/unsigned mismatch, unsigned assumed
  error: 1 plat 4 at BarracudaReferenceImpl.compute(2747): signed/unsigned mismatch, unsigned assumed
  error: 1 plat 4 at BarracudaReferenceImpl.compute(2763): signed/unsigned mismatch, unsigned assumed
  error: 1 plat 4 at BarracudaReferenceImpl.compute(2765): signed/unsigned mismatch, unsigned assumed
  error: 1 plat 4 at BarracudaReferenceImpl.compute(2767): signed/unsigned mismatch, unsigned assumed
  error: 1 plat 4 at BarracudaReferenceImpl.compute(2769): signed/unsigned mismatch, unsigned assumed
 ok=1 outsize=5043

Cmd: compileComputeKernel
  insize=88028 file=Packages/com.unity.barracuda/Barracuda/Runtime/Core/Resources/Barracuda/BarracudaReferenceImpl.compute kernel=BroadcastGreaterEqual_NHWC cachingPP=1 ppOnly=0 stripLineD=0 buildPlatform=19 km=<CHANNELS_FIRST=0>,<UNITY_VERSION=202139> pKW=UNITY_ENABLE_REFLECTION_BUFFERS UNITY_USE_DITHER_MASK_FOR_ALPHABLENDED_SHADOWS UNITY_PBS_USE_BRDF1 UNITY_SPECCUBE_BOX_PROJECTION UNITY_SPECCUBE_BLENDING UNITY_ENABLE_DETAIL_NORMALMAP SHADER_API_DESKTOP UNITY_LIGHT_PROBE_PROXY_VOLUME UNITY_LIGHTMAP_FULL_HDR uKW=SHADER_STAGE_COMPUTE platform=d3d11 flags=0 reqs=16385 forceDXC=0 forceFXC=0  error: 1 plat 4 at BarracudaReferenceImpl.compute(2720): signed/unsigned mismatch, unsigned assumed
  error: 1 plat 4 at BarracudaReferenceImpl.compute(2747): signed/unsigned mismatch, unsigned assumed
  error: 1 plat 4 at BarracudaReferenceImpl.compute(2763): signed/unsigned mismatch, unsigned assumed
  error: 1 plat 4 at BarracudaReferenceImpl.compute(2765): signed/unsigned mismatch, unsigned assumed
  error: 1 plat 4 at BarracudaReferenceImpl.compute(2767): signed/unsigned mismatch, unsigned assumed
  error: 1 plat 4 at BarracudaReferenceImpl.compute(2769): signed/unsigned mismatch, unsigned assumed
 ok=1 outsize=5076

Cmd: compileComputeKernel
  insize=88028 file=Packages/com.unity.barracuda/Barracuda/Runtime/Core/Resources/Barracuda/BarracudaReferenceImpl.compute kernel=LogicalNot_NCHW cachingPP=1 ppOnly=0 stripLineD=0 buildPlatform=19 km=<CHANNELS_FIRST=1>,<UNITY_VERSION=202139> pKW=UNITY_ENABLE_REFLECTION_BUFFERS UNITY_USE_DITHER_MASK_FOR_ALPHABLENDED_SHADOWS UNITY_PBS_USE_BRDF1 UNITY_SPECCUBE_BOX_PROJECTION UNITY_SPECCUBE_BLENDING UNITY_ENABLE_DETAIL_NORMALMAP SHADER_API_DESKTOP UNITY_LIGHT_PROBE_PROXY_VOLUME UNITY_LIGHTMAP_FULL_HDR uKW=SHADER_STAGE_COMPUTE platform=d3d11 flags=0 reqs=16385 forceDXC=0 forceFXC=0  error: 1 plat 4 at BarracudaReferenceImpl.compute(2720): signed/unsigned mismatch, unsigned assumed
  error: 1 plat 4 at BarracudaReferenceImpl.compute(2747): signed/unsigned mismatch, unsigned assumed
  error: 1 plat 4 at BarracudaReferenceImpl.compute(2763): signed/unsigned mismatch, unsigned assumed
  error: 1 plat 4 at BarracudaReferenceImpl.compute(2765): signed/unsigned mismatch, unsigned assumed
  error: 1 plat 4 at BarracudaReferenceImpl.compute(2767): signed/unsigned mismatch, unsigned assumed
  error: 1 plat 4 at BarracudaReferenceImpl.compute(2769): signed/unsigned mismatch, unsigned assumed
 ok=1 outsize=3414

Cmd: compileComputeKernel
  insize=88028 file=Packages/com.unity.barracuda/Barracuda/Runtime/Core/Resources/Barracuda/BarracudaReferenceImpl.compute kernel=ReduceMax_NHWC cachingPP=1 ppOnly=0 stripLineD=0 buildPlatform=19 km=<CHANNELS_FIRST=0>,<UNITY_VERSION=202139> pKW=UNITY_ENABLE_REFLECTION_BUFFERS UNITY_USE_DITHER_MASK_FOR_ALPHABLENDED_SHADOWS UNITY_PBS_USE_BRDF1 UNITY_SPECCUBE_BOX_PROJECTION UNITY_SPECCUBE_BLENDING UNITY_ENABLE_DETAIL_NORMALMAP SHADER_API_DESKTOP UNITY_LIGHT_PROBE_PROXY_VOLUME UNITY_LIGHTMAP_FULL_HDR uKW=SHADER_STAGE_COMPUTE platform=d3d11 flags=0 reqs=16385 forceDXC=0 forceFXC=0  error: 1 plat 4 at BarracudaReferenceImpl.compute(2720): signed/unsigned mismatch, unsigned assumed
  error: 1 plat 4 at BarracudaReferenceImpl.compute(2747): signed/unsigned mismatch, unsigned assumed
  error: 1 plat 4 at BarracudaReferenceImpl.compute(2763): signed/unsigned mismatch, unsigned assumed
  error: 1 plat 4 at BarracudaReferenceImpl.compute(2765): signed/unsigned mismatch, unsigned assumed
  error: 1 plat 4 at BarracudaReferenceImpl.compute(2767): signed/unsigned mismatch, unsigned assumed
  error: 1 plat 4 at BarracudaReferenceImpl.compute(2769): signed/unsigned mismatch, unsigned assumed
 ok=1 outsize=3429

Cmd: compileComputeKernel
  insize=88028 file=Packages/com.unity.barracuda/Barracuda/Runtime/Core/Resources/Barracuda/BarracudaReferenceImpl.compute kernel=Pad2DReflect_NHWC cachingPP=1 ppOnly=0 stripLineD=0 buildPlatform=19 km=<CHANNELS_FIRST=0>,<UNITY_VERSION=202139> pKW=UNITY_ENABLE_REFLECTION_BUFFERS UNITY_USE_DITHER_MASK_FOR_ALPHABLENDED_SHADOWS UNITY_PBS_USE_BRDF1 UNITY_SPECCUBE_BOX_PROJECTION UNITY_SPECCUBE_BLENDING UNITY_ENABLE_DETAIL_NORMALMAP SHADER_API_DESKTOP UNITY_LIGHT_PROBE_PROXY_VOLUME UNITY_LIGHTMAP_FULL_HDR uKW=SHADER_STAGE_COMPUTE platform=d3d11 flags=0 reqs=16385 forceDXC=0 forceFXC=0  error: 1 plat 4 at BarracudaReferenceImpl.compute(2720): signed/unsigned mismatch, unsigned assumed
  error: 1 plat 4 at BarracudaReferenceImpl.compute(2747): signed/unsigned mismatch, unsigned assumed
  error: 1 plat 4 at BarracudaReferenceImpl.compute(2763): signed/unsigned mismatch, unsigned assumed
  error: 1 plat 4 at BarracudaReferenceImpl.compute(2765): signed/unsigned mismatch, unsigned assumed
  error: 1 plat 4 at BarracudaReferenceImpl.compute(2767): signed/unsigned mismatch, unsigned assumed
  error: 1 plat 4 at BarracudaReferenceImpl.compute(2769): signed/unsigned mismatch, unsigned assumed
 ok=1 outsize=1684

Cmd: compileComputeKernel
  insize=88028 file=Packages/com.unity.barracuda/Barracuda/Runtime/Core/Resources/Barracuda/BarracudaReferenceImpl.compute kernel=OneHot_NCHW cachingPP=1 ppOnly=0 stripLineD=0 buildPlatform=19 km=<CHANNELS_FIRST=1>,<UNITY_VERSION=202139> pKW=UNITY_ENABLE_REFLECTION_BUFFERS UNITY_USE_DITHER_MASK_FOR_ALPHABLENDED_SHADOWS UNITY_PBS_USE_BRDF1 UNITY_SPECCUBE_BOX_PROJECTION UNITY_SPECCUBE_BLENDING UNITY_ENABLE_DETAIL_NORMALMAP SHADER_API_DESKTOP UNITY_LIGHT_PROBE_PROXY_VOLUME UNITY_LIGHTMAP_FULL_HDR uKW=SHADER_STAGE_COMPUTE platform=d3d11 flags=0 reqs=16385 forceDXC=0 forceFXC=0  error: 1 plat 4 at BarracudaReferenceImpl.compute(2720): signed/unsigned mismatch, unsigned assumed
  error: 1 plat 4 at BarracudaReferenceImpl.compute(2747): signed/unsigned mismatch, unsigned assumed
  error: 1 plat 4 at BarracudaReferenceImpl.compute(2763): signed/unsigned mismatch, unsigned assumed
  error: 1 plat 4 at BarracudaReferenceImpl.compute(2765): signed/unsigned mismatch, unsigned assumed
  error: 1 plat 4 at BarracudaReferenceImpl.compute(2767): signed/unsigned mismatch, unsigned assumed
  error: 1 plat 4 at BarracudaReferenceImpl.compute(2769): signed/unsigned mismatch, unsigned assumed
 ok=1 outsize=1358

Cmd: compileComputeKernel
  insize=4481 file=Packages/com.unity.barracuda/Barracuda/Runtime/Core/Resources/Barracuda/Pad.compute kernel=Pad2DEdge_NHWC cachingPP=1 ppOnly=0 stripLineD=0 buildPlatform=19 km=<CHANNELS_FIRST=0>,<UNITY_VERSION=202139> pKW=UNITY_ENABLE_REFLECTION_BUFFERS UNITY_USE_DITHER_MASK_FOR_ALPHABLENDED_SHADOWS UNITY_PBS_USE_BRDF1 UNITY_SPECCUBE_BOX_PROJECTION UNITY_SPECCUBE_BLENDING UNITY_ENABLE_DETAIL_NORMALMAP SHADER_API_DESKTOP UNITY_LIGHT_PROBE_PROXY_VOLUME UNITY_LIGHTMAP_FULL_HDR uKW=SHADER_STAGE_COMPUTE platform=d3d11 flags=0 reqs=16385 forceDXC=0 forceFXC=0 ok=1 outsize=1449

Cmd: compileComputeKernel
  insize=1031 file=Packages/com.unity.barracuda/Barracuda/Runtime/Core/Resources/Barracuda/Broadcast_NHWC.compute kernel=BroadcastMax_NHWC cachingPP=1 ppOnly=0 stripLineD=0 buildPlatform=19 km=<CHANNELS_FIRST=0>,<UNITY_VERSION=202139> pKW=UNITY_ENABLE_REFLECTION_BUFFERS UNITY_USE_DITHER_MASK_FOR_ALPHABLENDED_SHADOWS UNITY_PBS_USE_BRDF1 UNITY_SPECCUBE_BOX_PROJECTION UNITY_SPECCUBE_BLENDING UNITY_ENABLE_DETAIL_NORMALMAP SHADER_API_DESKTOP UNITY_LIGHT_PROBE_PROXY_VOLUME UNITY_LIGHTMAP_FULL_HDR uKW=SHADER_STAGE_COMPUTE platform=d3d11 flags=0 reqs=16385 forceDXC=0 forceFXC=0 ok=1 outsize=1465

Cmd: compileComputeKernel
  insize=1031 file=Packages/com.unity.barracuda/Barracuda/Runtime/Core/Resources/Barracuda/Broadcast_NHWC.compute kernel=BroadcastDivExpSub_NHWC cachingPP=1 ppOnly=0 stripLineD=0 buildPlatform=19 km=<CHANNELS_FIRST=0>,<UNITY_VERSION=202139> pKW=UNITY_ENABLE_REFLECTION_BUFFERS UNITY_USE_DITHER_MASK_FOR_ALPHABLENDED_SHADOWS UNITY_PBS_USE_BRDF1 UNITY_SPECCUBE_BOX_PROJECTION UNITY_SPECCUBE_BLENDING UNITY_ENABLE_DETAIL_NORMALMAP SHADER_API_DESKTOP UNITY_LIGHT_PROBE_PROXY_VOLUME UNITY_LIGHTMAP_FULL_HDR uKW=SHADER_STAGE_COMPUTE platform=d3d11 flags=0 reqs=16385 forceDXC=0 forceFXC=0 ok=1 outsize=1813

Cmd: compileComputeKernel
  insize=451 file=Packages/com.unity.barracuda/Barracuda/Runtime/Core/Resources/Barracuda/Pool_NHWC.compute kernel=MaxPool2DReduce_NHWC cachingPP=1 ppOnly=0 stripLineD=0 buildPlatform=19 km=<CHANNELS_FIRST=0>,<UNITY_VERSION=202139> pKW=UNITY_ENABLE_REFLECTION_BUFFERS UNITY_USE_DITHER_MASK_FOR_ALPHABLENDED_SHADOWS UNITY_PBS_USE_BRDF1 UNITY_SPECCUBE_BOX_PROJECTION UNITY_SPECCUBE_BLENDING UNITY_ENABLE_DETAIL_NORMALMAP SHADER_API_DESKTOP UNITY_LIGHT_PROBE_PROXY_VOLUME UNITY_LIGHTMAP_FULL_HDR uKW=SHADER_STAGE_COMPUTE platform=d3d11 flags=0 reqs=16385 forceDXC=0 forceFXC=0 ok=1 outsize=3207

Cmd: compileComputeKernel
  insize=10837 file=Packages/com.unity.barracuda/Barracuda/Runtime/Core/Resources/Barracuda/ActivationBase.compute kernel=Abs_FlatStrict cachingPP=1 ppOnly=0 stripLineD=0 buildPlatform=19 km=<UNITY_VERSION=202139> pKW=UNITY_ENABLE_REFLECTION_BUFFERS UNITY_USE_DITHER_MASK_FOR_ALPHABLENDED_SHADOWS UNITY_PBS_USE_BRDF1 UNITY_SPECCUBE_BOX_PROJECTION UNITY_SPECCUBE_BLENDING UNITY_ENABLE_DETAIL_NORMALMAP SHADER_API_DESKTOP UNITY_LIGHT_PROBE_PROXY_VOLUME UNITY_LIGHTMAP_FULL_HDR uKW=SHADER_STAGE_COMPUTE platform=d3d11 flags=0 reqs=16385 forceDXC=0 forceFXC=0 ok=1 outsize=629

Cmd: compileComputeKernel
  insize=10837 file=Packages/com.unity.barracuda/Barracuda/Runtime/Core/Resources/Barracuda/ActivationBase.compute kernel=Log_Flat cachingPP=1 ppOnly=0 stripLineD=0 buildPlatform=19 km=<UNITY_VERSION=202139> pKW=UNITY_ENABLE_REFLECTION_BUFFERS UNITY_USE_DITHER_MASK_FOR_ALPHABLENDED_SHADOWS UNITY_PBS_USE_BRDF1 UNITY_SPECCUBE_BOX_PROJECTION UNITY_SPECCUBE_BLENDING UNITY_ENABLE_DETAIL_NORMALMAP SHADER_API_DESKTOP UNITY_LIGHT_PROBE_PROXY_VOLUME UNITY_LIGHTMAP_FULL_HDR uKW=SHADER_STAGE_COMPUTE platform=d3d11 flags=0 reqs=16385 forceDXC=0 forceFXC=0 ok=1 outsize=701

Cmd: compileComputeKernel
  insize=10837 file=Packages/com.unity.barracuda/Barracuda/Runtime/Core/Resources/Barracuda/ActivationBase.compute kernel=Acos_FlatStrict cachingPP=1 ppOnly=0 stripLineD=0 buildPlatform=19 km=<UNITY_VERSION=202139> pKW=UNITY_ENABLE_REFLECTION_BUFFERS UNITY_USE_DITHER_MASK_FOR_ALPHABLENDED_SHADOWS UNITY_PBS_USE_BRDF1 UNITY_SPECCUBE_BOX_PROJECTION UNITY_SPECCUBE_BLENDING UNITY_ENABLE_DETAIL_NORMALMAP SHADER_API_DESKTOP UNITY_LIGHT_PROBE_PROXY_VOLUME UNITY_LIGHTMAP_FULL_HDR uKW=SHADER_STAGE_COMPUTE platform=d3d11 flags=0 reqs=16385 forceDXC=0 forceFXC=0 ok=1 outsize=1246

Cmd: compileComputeKernel
  insize=10837 file=Packages/com.unity.barracuda/Barracuda/Runtime/Core/Resources/Barracuda/ActivationBase.compute kernel=Cos_FlatStrict cachingPP=1 ppOnly=0 stripLineD=0 buildPlatform=19 km=<UNITY_VERSION=202139> pKW=UNITY_ENABLE_REFLECTION_BUFFERS UNITY_USE_DITHER_MASK_FOR_ALPHABLENDED_SHADOWS UNITY_PBS_USE_BRDF1 UNITY_SPECCUBE_BOX_PROJECTION UNITY_SPECCUBE_BLENDING UNITY_ENABLE_DETAIL_NORMALMAP SHADER_API_DESKTOP UNITY_LIGHT_PROBE_PROXY_VOLUME UNITY_LIGHTMAP_FULL_HDR uKW=SHADER_STAGE_COMPUTE platform=d3d11 flags=0 reqs=16385 forceDXC=0 forceFXC=0 ok=1 outsize=629

Cmd: compileComputeKernel
  insize=10837 file=Packages/com.unity.barracuda/Barracuda/Runtime/Core/Resources/Barracuda/ActivationBase.compute kernel=Erf_Flat cachingPP=1 ppOnly=0 stripLineD=0 buildPlatform=19 km=<UNITY_VERSION=202139> pKW=UNITY_ENABLE_REFLECTION_BUFFERS UNITY_USE_DITHER_MASK_FOR_ALPHABLENDED_SHADOWS UNITY_PBS_USE_BRDF1 UNITY_SPECCUBE_BOX_PROJECTION UNITY_SPECCUBE_BLENDING UNITY_ENABLE_DETAIL_NORMALMAP SHADER_API_DESKTOP UNITY_LIGHT_PROBE_PROXY_VOLUME UNITY_LIGHTMAP_FULL_HDR uKW=SHADER_STAGE_COMPUTE platform=d3d11 flags=0 reqs=16385 forceDXC=0 forceFXC=0 ok=1 outsize=1277

Cmd: compileComputeKernel
  insize=10837 file=Packages/com.unity.barracuda/Barracuda/Runtime/Core/Resources/Barracuda/ActivationBase.compute kernel=Selu_NHWC cachingPP=1 ppOnly=0 stripLineD=0 buildPlatform=19 km=<CHANNELS_FIRST=0>,<UNITY_VERSION=202139> pKW=UNITY_ENABLE_REFLECTION_BUFFERS UNITY_USE_DITHER_MASK_FOR_ALPHABLENDED_SHADOWS UNITY_PBS_USE_BRDF1 UNITY_SPECCUBE_BOX_PROJECTION UNITY_SPECCUBE_BLENDING UNITY_ENABLE_DETAIL_NORMALMAP SHADER_API_DESKTOP UNITY_LIGHT_PROBE_PROXY_VOLUME UNITY_LIGHTMAP_FULL_HDR uKW=SHADER_STAGE_COMPUTE platform=d3d11 flags=0 reqs=16385 forceDXC=0 forceFXC=0 ok=1 outsize=1547

Cmd: compileComputeKernel
  insize=10837 file=Packages/com.unity.barracuda/Barracuda/Runtime/Core/Resources/Barracuda/ActivationBase.compute kernel=Softplus_Nyxc_NHWC cachingPP=1 ppOnly=0 stripLineD=0 buildPlatform=19 km=<CHANNELS_FIRST=0>,<UNITY_VERSION=202139> pKW=UNITY_ENABLE_REFLECTION_BUFFERS UNITY_USE_DITHER_MASK_FOR_ALPHABLENDED_SHADOWS UNITY_PBS_USE_BRDF1 UNITY_SPECCUBE_BOX_PROJECTION UNITY_SPECCUBE_BLENDING UNITY_ENABLE_DETAIL_NORMALMAP SHADER_API_DESKTOP UNITY_LIGHT_PROBE_PROXY_VOLUME UNITY_LIGHTMAP_FULL_HDR uKW=SHADER_STAGE_COMPUTE platform=d3d11 flags=0 reqs=16385 forceDXC=0 forceFXC=0 ok=1 outsize=1329

Cmd: compileComputeKernel
  insize=10837 file=Packages/com.unity.barracuda/Barracuda/Runtime/Core/Resources/Barracuda/ActivationBase.compute kernel=Pow_NHWC cachingPP=1 ppOnly=0 stripLineD=0 buildPlatform=19 km=<CHANNELS_FIRST=0>,<UNITY_VERSION=202139> pKW=UNITY_ENABLE_REFLECTION_BUFFERS UNITY_USE_DITHER_MASK_FOR_ALPHABLENDED_SHADOWS UNITY_PBS_USE_BRDF1 UNITY_SPECCUBE_BOX_PROJECTION UNITY_SPECCUBE_BLENDING UNITY_ENABLE_DETAIL_NORMALMAP SHADER_API_DESKTOP UNITY_LIGHT_PROBE_PROXY_VOLUME UNITY_LIGHTMAP_FULL_HDR uKW=SHADER_STAGE_COMPUTE platform=d3d11 flags=0 reqs=16385 forceDXC=0 forceFXC=0 ok=1 outsize=1369

Cmd: compileComputeKernel
  insize=10837 file=Packages/com.unity.barracuda/Barracuda/Runtime/Core/Resources/Barracuda/ActivationBase.compute kernel=Asin_NCHW cachingPP=1 ppOnly=0 stripLineD=0 buildPlatform=19 km=<CHANNELS_FIRST=1>,<UNITY_VERSION=202139> pKW=UNITY_ENABLE_REFLECTION_BUFFERS UNITY_USE_DITHER_MASK_FOR_ALPHABLENDED_SHADOWS UNITY_PBS_USE_BRDF1 UNITY_SPECCUBE_BOX_PROJECTION UNITY_SPECCUBE_BLENDING UNITY_ENABLE_DETAIL_NORMALMAP SHADER_API_DESKTOP UNITY_LIGHT_PROBE_PROXY_VOLUME UNITY_LIGHTMAP_FULL_HDR uKW=SHADER_STAGE_COMPUTE platform=d3d11 flags=0 reqs=16385 forceDXC=0 forceFXC=0 ok=1 outsize=1628

Cmd: compileComputeKernel
  insize=10837 file=Packages/com.unity.barracuda/Barracuda/Runtime/Core/Resources/Barracuda/ActivationBase.compute kernel=Atanh_NHWC cachingPP=1 ppOnly=0 stripLineD=0 buildPlatform=19 km=<CHANNELS_FIRST=0>,<UNITY_VERSION=202139> pKW=UNITY_ENABLE_REFLECTION_BUFFERS UNITY_USE_DITHER_MASK_FOR_ALPHABLENDED_SHADOWS UNITY_PBS_USE_BRDF1 UNITY_SPECCUBE_BOX_PROJECTION UNITY_SPECCUBE_BLENDING UNITY_ENABLE_DETAIL_NORMALMAP SHADER_API_DESKTOP UNITY_LIGHT_PROBE_PROXY_VOLUME UNITY_LIGHTMAP_FULL_HDR uKW=SHADER_STAGE_COMPUTE platform=d3d11 flags=0 reqs=16385 forceDXC=0 forceFXC=0 ok=1 outsize=1401

Cmd: compileComputeKernel
  insize=10837 file=Packages/com.unity.barracuda/Barracuda/Runtime/Core/Resources/Barracuda/ActivationBase.compute kernel=Sinh_CNyx_NHWC cachingPP=1 ppOnly=0 stripLineD=0 buildPlatform=19 km=<CHANNELS_FIRST=0>,<UNITY_VERSION=202139> pKW=UNITY_ENABLE_REFLECTION_BUFFERS UNITY_USE_DITHER_MASK_FOR_ALPHABLENDED_SHADOWS UNITY_PBS_USE_BRDF1 UNITY_SPECCUBE_BOX_PROJECTION UNITY_SPECCUBE_BLENDING UNITY_ENABLE_DETAIL_NORMALMAP SHADER_API_DESKTOP UNITY_LIGHT_PROBE_PROXY_VOLUME UNITY_LIGHTMAP_FULL_HDR uKW=SHADER_STAGE_COMPUTE platform=d3d11 flags=0 reqs=16385 forceDXC=0 forceFXC=0 ok=1 outsize=1361

Cmd: compileComputeKernel
  insize=10837 file=Packages/com.unity.barracuda/Barracuda/Runtime/Core/Resources/Barracuda/ActivationBase.compute kernel=Erf_Nyxc_NHWC cachingPP=1 ppOnly=0 stripLineD=0 buildPlatform=19 km=<CHANNELS_FIRST=0>,<UNITY_VERSION=202139> pKW=UNITY_ENABLE_REFLECTION_BUFFERS UNITY_USE_DITHER_MASK_FOR_ALPHABLENDED_SHADOWS UNITY_PBS_USE_BRDF1 UNITY_SPECCUBE_BOX_PROJECTION UNITY_SPECCUBE_BLENDING UNITY_ENABLE_DETAIL_NORMALMAP SHADER_API_DESKTOP UNITY_LIGHT_PROBE_PROXY_VOLUME UNITY_LIGHTMAP_FULL_HDR uKW=SHADER_STAGE_COMPUTE platform=d3d11 flags=0 reqs=16385 forceDXC=0 forceFXC=0 ok=1 outsize=1824

Cmd: compileSnippet
  insize=1647 file=Assets/DefaultResourcesExtra/Standard pass=FORWARD cachingPP=1 ppOnly=0 stripLineD=0 buildPlatform=19 rsLen=0 pKW=UNITY_ENABLE_REFLECTION_BUFFERS UNITY_USE_DITHER_MASK_FOR_ALPHABLENDED_SHADOWS UNITY_PBS_USE_BRDF1 UNITY_SPECCUBE_BOX_PROJECTION UNITY_SPECCUBE_BLENDING UNITY_ENABLE_DETAIL_NORMALMAP SHADER_API_DESKTOP UNITY_LIGHT_PROBE_PROXY_VOLUME UNITY_LIGHTMAP_FULL_HDR UNITY_PASS_FORWARDBASE uKW=DIRECTIONAL SHADOWS_SCREEN dKW=_EMISSION FOG_LINEAR FOG_EXP FOG_EXP2 INSTANCING_ON _NORMALMAP _ALPHATEST_ON _ALPHABLEND_ON _ALPHAPREMULTIPLY_ON _METALLICGLOSSMAP _DETAIL_MULX2 _SMOOTHNESS_TEXTURE_ALBEDO_CHANNEL_A _SPECULARHIGHLIGHTS_OFF _GLOSSYREFLECTIONS_OFF _PARALLAXMAP LIGHTPROBE_SH SHADOWS_SHADOWMASK DYNAMICLIGHTMAP_ON LIGHTMAP_ON LIGHTMAP_SHADOW_MIXING DIRLIGHTMAP_COMBINED UNITY_NO_DXT5nm UNITY_FRAMEBUFFER_FETCH_AVAILABLE UNITY_ENABLE_NATIVE_SHADOW_LOOKUPS UNITY_METAL_SHADOWS_USE_POINT_FILTERING UNITY_NO_SCREENSPACE_SHADOWS UNITY_PBS_USE_BRDF2 UNITY_PBS_USE_BRDF3 UNITY_NO_FULL_STANDARD_SHADER UNITY_HARDWARE_TIER1 UNITY_HARDWARE_TIER2 UNITY_HARDWARE_TIER3 UNITY_COLORSPACE_GAMMA UNITY_HALF_PRECISION_FRAGMENT_SHADER_REGISTERS UNITY_LIGHTMAP_DLDR_ENCODING UNITY_LIGHTMAP_RGBM_ENCODING UNITY_VIRTUAL_TEXTURING UNITY_PRETRANSFORM_TO_DISPLAY_ORIENTATION UNITY_ASTC_NORMALMAP_ENCODING SHADER_API_GLES30 UNITY_UNIFIED_SHADER_PRECISION_MODEL flags=0 lang=0 type=Fragment platform=d3d11 reqs=227 mask=6 start=68 ok=1 outsize=6190

Cmd: compileSnippet
  insize=1487 file=Assets/DefaultResourcesExtra/Standard pass=FORWARD_DELTA cachingPP=1 ppOnly=0 stripLineD=0 buildPlatform=19 rsLen=0 pKW=UNITY_ENABLE_REFLECTION_BUFFERS UNITY_USE_DITHER_MASK_FOR_ALPHABLENDED_SHADOWS UNITY_PBS_USE_BRDF1 UNITY_SPECCUBE_BOX_PROJECTION UNITY_SPECCUBE_BLENDING UNITY_ENABLE_DETAIL_NORMALMAP SHADER_API_DESKTOP UNITY_LIGHT_PROBE_PROXY_VOLUME UNITY_LIGHTMAP_FULL_HDR UNITY_PASS_FORWARDADD uKW=POINT_COOKIE dKW=FOG_LINEAR FOG_EXP FOG_EXP2 _NORMALMAP _ALPHATEST_ON _ALPHABLEND_ON _ALPHAPREMULTIPLY_ON _METALLICGLOSSMAP _PARALLAXMAP POINT DIRECTIONAL SPOT DIRECTIONAL_COOKIE SHADOWS_SHADOWMASK LIGHTMAP_SHADOW_MIXING SHADOWS_DEPTH SHADOWS_SOFT SHADOWS_SCREEN SHADOWS_CUBE UNITY_NO_DXT5nm UNITY_FRAMEBUFFER_FETCH_AVAILABLE UNITY_ENABLE_NATIVE_SHADOW_LOOKUPS UNITY_METAL_SHADOWS_USE_POINT_FILTERING UNITY_NO_SCREENSPACE_SHADOWS UNITY_PBS_USE_BRDF2 UNITY_PBS_USE_BRDF3 UNITY_NO_FULL_STANDARD_SHADER UNITY_HARDWARE_TIER1 UNITY_HARDWARE_TIER2 UNITY_HARDWARE_TIER3 UNITY_COLORSPACE_GAMMA UNITY_HALF_PRECISION_FRAGMENT_SHADER_REGISTERS UNITY_LIGHTMAP_DLDR_ENCODING UNITY_LIGHTMAP_RGBM_ENCODING UNITY_VIRTUAL_TEXTURING UNITY_PRETRANSFORM_TO_DISPLAY_ORIENTATION UNITY_ASTC_NORMALMAP_ENCODING SHADER_API_GLES30 UNITY_UNIFIED_SHADER_PRECISION_MODEL flags=0 lang=0 type=Vertex platform=d3d11 reqs=227 mask=6 start=106 ok=1 outsize=1950

Cmd: compileSnippet
  insize=1487 file=Assets/DefaultResourcesExtra/Standard pass=FORWARD_DELTA cachingPP=1 ppOnly=0 stripLineD=0 buildPlatform=19 rsLen=0 pKW=UNITY_ENABLE_REFLECTION_BUFFERS UNITY_USE_DITHER_MASK_FOR_ALPHABLENDED_SHADOWS UNITY_PBS_USE_BRDF1 UNITY_SPECCUBE_BOX_PROJECTION UNITY_SPECCUBE_BLENDING UNITY_ENABLE_DETAIL_NORMALMAP SHADER_API_DESKTOP UNITY_LIGHT_PROBE_PROXY_VOLUME UNITY_LIGHTMAP_FULL_HDR UNITY_PASS_FORWARDADD uKW=SPOT SHADOWS_DEPTH dKW=FOG_LINEAR FOG_EXP FOG_EXP2 _NORMALMAP _ALPHATEST_ON _ALPHABLEND_ON _ALPHAPREMULTIPLY_ON _METALLICGLOSSMAP _SMOOTHNESS_TEXTURE_ALBEDO_CHANNEL_A _SPECULARHIGHLIGHTS_OFF _DETAIL_MULX2 _PARALLAXMAP POINT DIRECTIONAL POINT_COOKIE DIRECTIONAL_COOKIE SHADOWS_SHADOWMASK LIGHTMAP_SHADOW_MIXING SHADOWS_SOFT SHADOWS_SCREEN SHADOWS_CUBE UNITY_NO_DXT5nm UNITY_FRAMEBUFFER_FETCH_AVAILABLE UNITY_ENABLE_NATIVE_SHADOW_LOOKUPS UNITY_METAL_SHADOWS_USE_POINT_FILTERING UNITY_NO_SCREENSPACE_SHADOWS UNITY_PBS_USE_BRDF2 UNITY_PBS_USE_BRDF3 UNITY_NO_FULL_STANDARD_SHADER UNITY_HARDWARE_TIER1 UNITY_HARDWARE_TIER2 UNITY_HARDWARE_TIER3 UNITY_COLORSPACE_GAMMA UNITY_HALF_PRECISION_FRAGMENT_SHADER_REGISTERS UNITY_LIGHTMAP_DLDR_ENCODING UNITY_LIGHTMAP_RGBM_ENCODING UNITY_VIRTUAL_TEXTURING UNITY_PRETRANSFORM_TO_DISPLAY_ORIENTATION UNITY_ASTC_NORMALMAP_ENCODING SHADER_API_GLES30 UNITY_UNIFIED_SHADER_PRECISION_MODEL flags=0 lang=0 type=Fragment platform=d3d11 reqs=227 mask=6 start=106 ok=1 outsize=4770

Cmd: compileSnippet
  insize=1590 file=Assets/DefaultResourcesExtra/Standard pass=DEFERRED cachingPP=1 ppOnly=0 stripLineD=0 buildPlatform=19 rsLen=0 pKW=UNITY_ENABLE_REFLECTION_BUFFERS UNITY_USE_DITHER_MASK_FOR_ALPHABLENDED_SHADOWS UNITY_PBS_USE_BRDF1 UNITY_SPECCUBE_BOX_PROJECTION UNITY_SPECCUBE_BLENDING UNITY_ENABLE_DETAIL_NORMALMAP SHADER_API_DESKTOP UNITY_LIGHT_PROBE_PROXY_VOLUME UNITY_LIGHTMAP_FULL_HDR UNITY_PASS_DEFERRED uKW=LIGHTPROBE_SH dKW=_EMISSION INSTANCING_ON _NORMALMAP _ALPHATEST_ON _ALPHABLEND_ON _ALPHAPREMULTIPLY_ON _METALLICGLOSSMAP _SMOOTHNESS_TEXTURE_ALBEDO_CHANNEL_A _SPECULARHIGHLIGHTS_OFF _DETAIL_MULX2 _PARALLAXMAP DYNAMICLIGHTMAP_ON SHADOWS_SHADOWMASK LIGHTMAP_ON DIRLIGHTMAP_COMBINED UNITY_HDR_ON UNITY_NO_DXT5nm UNITY_FRAMEBUFFER_FETCH_AVAILABLE UNITY_ENABLE_NATIVE_SHADOW_LOOKUPS UNITY_METAL_SHADOWS_USE_POINT_FILTERING UNITY_NO_SCREENSPACE_SHADOWS UNITY_PBS_USE_BRDF2 UNITY_PBS_USE_BRDF3 UNITY_NO_FULL_STANDARD_SHADER UNITY_HARDWARE_TIER1 UNITY_HARDWARE_TIER2 UNITY_HARDWARE_TIER3 UNITY_COLORSPACE_GAMMA UNITY_HALF_PRECISION_FRAGMENT_SHADER_REGISTERS UNITY_LIGHTMAP_DLDR_ENCODING UNITY_LIGHTMAP_RGBM_ENCODING UNITY_VIRTUAL_TEXTURING UNITY_PRETRANSFORM_TO_DISPLAY_ORIENTATION UNITY_ASTC_NORMALMAP_ENCODING SHADER_API_GLES30 UNITY_UNIFIED_SHADER_PRECISION_MODEL flags=0 lang=0 type=Fragment platform=d3d11 reqs=227 mask=6 start=168 ok=1 outsize=2366

Cmd: compileSnippet
  insize=1442 file=Assets/DefaultResourcesExtra/Standard pass=FORWARD cachingPP=1 ppOnly=0 stripLineD=0 buildPlatform=19 rsLen=0 pKW=UNITY_ENABLE_REFLECTION_BUFFERS UNITY_USE_DITHER_MASK_FOR_ALPHABLENDED_SHADOWS UNITY_PBS_USE_BRDF1 UNITY_SPECCUBE_BOX_PROJECTION UNITY_SPECCUBE_BLENDING UNITY_ENABLE_DETAIL_NORMALMAP SHADER_API_DESKTOP UNITY_LIGHT_PROBE_PROXY_VOLUME UNITY_LIGHTMAP_FULL_HDR UNITY_PASS_FORWARDBASE uKW=DIRECTIONAL LIGHTPROBE_SH dKW=_EMISSION FOG_LINEAR FOG_EXP FOG_EXP2 _NORMALMAP _ALPHATEST_ON _ALPHABLEND_ON _ALPHAPREMULTIPLY_ON _METALLICGLOSSMAP _SMOOTHNESS_TEXTURE_ALBEDO_CHANNEL_A _SPECULARHIGHLIGHTS_OFF _GLOSSYREFLECTIONS_OFF SHADOWS_SHADOWMASK DYNAMICLIGHTMAP_ON LIGHTMAP_ON LIGHTMAP_SHADOW_MIXING SHADOWS_SCREEN UNITY_NO_DXT5nm UNITY_FRAMEBUFFER_FETCH_AVAILABLE UNITY_ENABLE_NATIVE_SHADOW_LOOKUPS UNITY_METAL_SHADOWS_USE_POINT_FILTERING UNITY_NO_SCREENSPACE_SHADOWS UNITY_PBS_USE_BRDF2 UNITY_PBS_USE_BRDF3 UNITY_NO_FULL_STANDARD_SHADER UNITY_HARDWARE_TIER1 UNITY_HARDWARE_TIER2 UNITY_HARDWARE_TIER3 UNITY_COLORSPACE_GAMMA UNITY_HALF_PRECISION_FRAGMENT_SHADER_REGISTERS UNITY_LIGHTMAP_DLDR_ENCODING UNITY_LIGHTMAP_RGBM_ENCODING UNITY_VIRTUAL_TEXTURING UNITY_PRETRANSFORM_TO_DISPLAY_ORIENTATION UNITY_ASTC_NORMALMAP_ENCODING SHADER_API_GLES30 UNITY_UNIFIED_SHADER_PRECISION_MODEL flags=0 lang=0 type=Fragment platform=d3d11 reqs=1 mask=6 start=237 ok=1 outsize=2890

Cmd: compileSnippet
  insize=1295 file=Assets/DefaultResourcesExtra/Standard pass=FORWARD_DELTA cachingPP=1 ppOnly=0 stripLineD=0 buildPlatform=19 rsLen=0 pKW=UNITY_ENABLE_REFLECTION_BUFFERS UNITY_USE_DITHER_MASK_FOR_ALPHABLENDED_SHADOWS UNITY_PBS_USE_BRDF1 UNITY_SPECCUBE_BOX_PROJECTION UNITY_SPECCUBE_BLENDING UNITY_ENABLE_DETAIL_NORMALMAP SHADER_API_DESKTOP UNITY_LIGHT_PROBE_PROXY_VOLUME UNITY_LIGHTMAP_FULL_HDR UNITY_PASS_FORWARDADD uKW=DIRECTIONAL SHADOWS_SCREEN _DETAIL_MULX2 dKW=FOG_LINEAR FOG_EXP FOG_EXP2 _NORMALMAP _ALPHATEST_ON _ALPHABLEND_ON _ALPHAPREMULTIPLY_ON _METALLICGLOSSMAP _SMOOTHNESS_TEXTURE_ALBEDO_CHANNEL_A _SPECULARHIGHLIGHTS_OFF POINT SPOT POINT_COOKIE DIRECTIONAL_COOKIE SHADOWS_SHADOWMASK LIGHTMAP_SHADOW_MIXING SHADOWS_DEPTH SHADOWS_CUBE UNITY_NO_DXT5nm UNITY_FRAMEBUFFER_FETCH_AVAILABLE UNITY_ENABLE_NATIVE_SHADOW_LOOKUPS UNITY_METAL_SHADOWS_USE_POINT_FILTERING UNITY_NO_SCREENSPACE_SHADOWS UNITY_PBS_USE_BRDF2 UNITY_PBS_USE_BRDF3 UNITY_NO_FULL_STANDARD_SHADER UNITY_HARDWARE_TIER1 UNITY_HARDWARE_TIER2 UNITY_HARDWARE_TIER3 UNITY_COLORSPACE_GAMMA UNITY_HALF_PRECISION_FRAGMENT_SHADER_REGISTERS UNITY_LIGHTMAP_DLDR_ENCODING UNITY_LIGHTMAP_RGBM_ENCODING UNITY_VIRTUAL_TEXTURING UNITY_PRETRANSFORM_TO_DISPLAY_ORIENTATION UNITY_ASTC_NORMALMAP_ENCODING SHADER_API_GLES30 UNITY_UNIFIED_SHADER_PRECISION_MODEL flags=0 lang=0 type=Fragment platform=d3d11 reqs=227 mask=6 start=272 ok=1 outsize=4206

Cmd: compileSnippet
  insize=17683 file=Assets/DefaultResourcesExtra/Legacy Shaders/Diffuse pass=FORWARD cachingPP=1 ppOnly=0 stripLineD=0 buildPlatform=19 rsLen=0 pKW=UNITY_ENABLE_REFLECTION_BUFFERS UNITY_USE_DITHER_MASK_FOR_ALPHABLENDED_SHADOWS UNITY_PBS_USE_BRDF1 UNITY_SPECCUBE_BOX_PROJECTION UNITY_SPECCUBE_BLENDING UNITY_ENABLE_DETAIL_NORMALMAP SHADER_API_DESKTOP UNITY_LIGHT_PROBE_PROXY_VOLUME UNITY_LIGHTMAP_FULL_HDR UNITY_PASS_FORWARDBASE uKW=DIRECTIONAL LIGHTPROBE_SH VERTEXLIGHT_ON dKW=INSTANCING_ON FOG_LINEAR FOG_EXP FOG_EXP2 SHADOWS_SHADOWMASK DYNAMICLIGHTMAP_ON LIGHTMAP_ON LIGHTMAP_SHADOW_MIXING DIRLIGHTMAP_COMBINED SHADOWS_SCREEN UNITY_NO_DXT5nm UNITY_FRAMEBUFFER_FETCH_AVAILABLE UNITY_ENABLE_NATIVE_SHADOW_LOOKUPS UNITY_METAL_SHADOWS_USE_POINT_FILTERING UNITY_NO_SCREENSPACE_SHADOWS UNITY_PBS_USE_BRDF2 UNITY_PBS_USE_BRDF3 UNITY_NO_FULL_STANDARD_SHADER UNITY_HARDWARE_TIER1 UNITY_HARDWARE_TIER2 UNITY_HARDWARE_TIER3 UNITY_COLORSPACE_GAMMA UNITY_HALF_PRECISION_FRAGMENT_SHADER_REGISTERS UNITY_LIGHTMAP_DLDR_ENCODING UNITY_LIGHTMAP_RGBM_ENCODING UNITY_VIRTUAL_TEXTURING UNITY_PRETRANSFORM_TO_DISPLAY_ORIENTATION UNITY_ASTC_NORMALMAP_ENCODING SHADER_API_GLES30 UNITY_UNIFIED_SHADER_PRECISION_MODEL flags=0 lang=0 type=Vertex platform=d3d11 reqs=33 mask=6 start=20 ok=1 outsize=2494

Cmd: compileSnippet
  insize=4425 file=Assets/DefaultResourcesExtra/Legacy Shaders/Diffuse pass=FORWARD cachingPP=1 ppOnly=0 stripLineD=0 buildPlatform=19 rsLen=0 pKW=UNITY_ENABLE_REFLECTION_BUFFERS UNITY_USE_DITHER_MASK_FOR_ALPHABLENDED_SHADOWS UNITY_PBS_USE_BRDF1 UNITY_SPECCUBE_BOX_PROJECTION UNITY_SPECCUBE_BLENDING UNITY_ENABLE_DETAIL_NORMALMAP SHADER_API_DESKTOP UNITY_LIGHT_PROBE_PROXY_VOLUME UNITY_LIGHTMAP_FULL_HDR UNITY_PASS_FORWARDADD uKW=DIRECTIONAL dKW=FOG_LINEAR FOG_EXP FOG_EXP2 POINT SPOT POINT_COOKIE DIRECTIONAL_COOKIE UNITY_NO_DXT5nm UNITY_FRAMEBUFFER_FETCH_AVAILABLE UNITY_ENABLE_NATIVE_SHADOW_LOOKUPS UNITY_METAL_SHADOWS_USE_POINT_FILTERING UNITY_NO_SCREENSPACE_SHADOWS UNITY_PBS_USE_BRDF2 UNITY_PBS_USE_BRDF3 UNITY_NO_FULL_STANDARD_SHADER UNITY_HARDWARE_TIER1 UNITY_HARDWARE_TIER2 UNITY_HARDWARE_TIER3 UNITY_COLORSPACE_GAMMA UNITY_HALF_PRECISION_FRAGMENT_SHADER_REGISTERS UNITY_LIGHTMAP_DLDR_ENCODING UNITY_LIGHTMAP_RGBM_ENCODING UNITY_VIRTUAL_TEXTURING UNITY_PRETRANSFORM_TO_DISPLAY_ORIENTATION UNITY_ASTC_NORMALMAP_ENCODING SHADER_API_GLES30 UNITY_UNIFIED_SHADER_PRECISION_MODEL flags=0 lang=0 type=Fragment platform=d3d11 reqs=33 mask=6 start=264 ok=1 outsize=1246

Cmd: compileSnippet
  insize=12919 file=Assets/DefaultResourcesExtra/Legacy Shaders/Diffuse pass=DEFERRED cachingPP=1 ppOnly=0 stripLineD=0 buildPlatform=19 rsLen=0 pKW=UNITY_ENABLE_REFLECTION_BUFFERS UNITY_USE_DITHER_MASK_FOR_ALPHABLENDED_SHADOWS UNITY_PBS_USE_BRDF1 UNITY_SPECCUBE_BOX_PROJECTION UNITY_SPECCUBE_BLENDING UNITY_ENABLE_DETAIL_NORMALMAP SHADER_API_DESKTOP UNITY_LIGHT_PROBE_PROXY_VOLUME UNITY_LIGHTMAP_FULL_HDR UNITY_PASS_DEFERRED uKW=UNITY_HDR_ON dKW=INSTANCING_ON LIGHTPROBE_SH DYNAMICLIGHTMAP_ON SHADOWS_SHADOWMASK LIGHTMAP_ON DIRLIGHTMAP_COMBINED UNITY_NO_DXT5nm UNITY_FRAMEBUFFER_FETCH_AVAILABLE UNITY_ENABLE_NATIVE_SHADOW_LOOKUPS UNITY_METAL_SHADOWS_USE_POINT_FILTERING UNITY_NO_SCREENSPACE_SHADOWS UNITY_PBS_USE_BRDF2 UNITY_PBS_USE_BRDF3 UNITY_NO_FULL_STANDARD_SHADER UNITY_HARDWARE_TIER1 UNITY_HARDWARE_TIER2 UNITY_HARDWARE_TIER3 UNITY_COLORSPACE_GAMMA UNITY_HALF_PRECISION_FRAGMENT_SHADER_REGISTERS UNITY_LIGHTMAP_DLDR_ENCODING UNITY_LIGHTMAP_RGBM_ENCODING UNITY_VIRTUAL_TEXTURING UNITY_PRETRANSFORM_TO_DISPLAY_ORIENTATION UNITY_ASTC_NORMALMAP_ENCODING SHADER_API_GLES30 UNITY_UNIFIED_SHADER_PRECISION_MODEL flags=0 lang=0 type=Vertex platform=d3d11 reqs=33 mask=6 start=187 ok=1 outsize=1250

Cmd: compileSnippet
  insize=1569 file=Assets/DefaultResourcesExtra/Hidden/Internal-PrePassLighting pass= cachingPP=1 ppOnly=0 stripLineD=0 buildPlatform=19 rsLen=0 pKW=UNITY_ENABLE_REFLECTION_BUFFERS UNITY_USE_DITHER_MASK_FOR_ALPHABLENDED_SHADOWS UNITY_PBS_USE_BRDF1 UNITY_SPECCUBE_BOX_PROJECTION UNITY_SPECCUBE_BLENDING UNITY_ENABLE_DETAIL_NORMALMAP SHADER_API_DESKTOP UNITY_LIGHT_PROBE_PROXY_VOLUME UNITY_LIGHTMAP_FULL_HDR uKW=POINT_COOKIE SHADOWS_SOFT SHADOWS_CUBE dKW=POINT DIRECTIONAL SPOT DIRECTIONAL_COOKIE SHADOWS_SHADOWMASK LIGHTMAP_SHADOW_MIXING SHADOWS_DEPTH SHADOWS_SCREEN UNITY_NO_DXT5nm UNITY_FRAMEBUFFER_FETCH_AVAILABLE UNITY_ENABLE_NATIVE_SHADOW_LOOKUPS UNITY_METAL_SHADOWS_USE_POINT_FILTERING UNITY_NO_SCREENSPACE_SHADOWS UNITY_PBS_USE_BRDF2 UNITY_PBS_USE_BRDF3 UNITY_NO_FULL_STANDARD_SHADER UNITY_HARDWARE_TIER1 UNITY_HARDWARE_TIER2 UNITY_HARDWARE_TIER3 UNITY_COLORSPACE_GAMMA UNITY_HALF_PRECISION_FRAGMENT_SHADER_REGISTERS UNITY_LIGHTMAP_DLDR_ENCODING UNITY_LIGHTMAP_RGBM_ENCODING UNITY_VIRTUAL_TEXTURING UNITY_PRETRANSFORM_TO_DISPLAY_ORIENTATION UNITY_ASTC_NORMALMAP_ENCODING SHADER_API_GLES30 UNITY_UNIFIED_SHADER_PRECISION_MODEL flags=0 lang=0 type=Vertex platform=d3d11 reqs=227 mask=6 start=50 ok=1 outsize=1150

Cmd: compileSnippet
  insize=1569 file=Assets/DefaultResourcesExtra/Hidden/Internal-PrePassLighting pass= cachingPP=1 ppOnly=0 stripLineD=0 buildPlatform=19 rsLen=0 pKW=UNITY_ENABLE_REFLECTION_BUFFERS UNITY_USE_DITHER_MASK_FOR_ALPHABLENDED_SHADOWS UNITY_PBS_USE_BRDF1 UNITY_SPECCUBE_BOX_PROJECTION UNITY_SPECCUBE_BLENDING UNITY_ENABLE_DETAIL_NORMALMAP SHADER_API_DESKTOP UNITY_LIGHT_PROBE_PROXY_VOLUME UNITY_LIGHTMAP_FULL_HDR uKW=POINT SHADOWS_CUBE dKW=DIRECTIONAL SPOT POINT_COOKIE DIRECTIONAL_COOKIE SHADOWS_SHADOWMASK LIGHTMAP_SHADOW_MIXING SHADOWS_DEPTH SHADOWS_SOFT SHADOWS_SCREEN UNITY_NO_DXT5nm UNITY_FRAMEBUFFER_FETCH_AVAILABLE UNITY_ENABLE_NATIVE_SHADOW_LOOKUPS UNITY_METAL_SHADOWS_USE_POINT_FILTERING UNITY_NO_SCREENSPACE_SHADOWS UNITY_PBS_USE_BRDF2 UNITY_PBS_USE_BRDF3 UNITY_NO_FULL_STANDARD_SHADER UNITY_HARDWARE_TIER1 UNITY_HARDWARE_TIER2 UNITY_HARDWARE_TIER3 UNITY_COLORSPACE_GAMMA UNITY_HALF_PRECISION_FRAGMENT_SHADER_REGISTERS UNITY_LIGHTMAP_DLDR_ENCODING UNITY_LIGHTMAP_RGBM_ENCODING UNITY_VIRTUAL_TEXTURING UNITY_PRETRANSFORM_TO_DISPLAY_ORIENTATION UNITY_ASTC_NORMALMAP_ENCODING SHADER_API_GLES30 UNITY_UNIFIED_SHADER_PRECISION_MODEL flags=0 lang=0 type=Fragment platform=d3d11 reqs=227 mask=6 start=50 ok=1 outsize=2690

Cmd: compileSnippet
  insize=1562 file=Assets/DefaultResourcesExtra/Hidden/Internal-PrePassLighting pass= cachingPP=1 ppOnly=0 stripLineD=0 buildPlatform=19 rsLen=0 pKW=UNITY_ENABLE_REFLECTION_BUFFERS UNITY_USE_DITHER_MASK_FOR_ALPHABLENDED_SHADOWS UNITY_PBS_USE_BRDF1 UNITY_SPECCUBE_BOX_PROJECTION UNITY_SPECCUBE_BLENDING UNITY_ENABLE_DETAIL_NORMALMAP SHADER_API_DESKTOP UNITY_LIGHT_PROBE_PROXY_VOLUME UNITY_LIGHTMAP_FULL_HDR uKW=POINT_COOKIE SHADOWS_SOFT SHADOWS_CUBE dKW=POINT DIRECTIONAL SPOT DIRECTIONAL_COOKIE SHADOWS_SHADOWMASK LIGHTMAP_SHADOW_MIXING SHADOWS_DEPTH SHADOWS_SCREEN UNITY_NO_DXT5nm UNITY_FRAMEBUFFER_FETCH_AVAILABLE UNITY_ENABLE_NATIVE_SHADOW_LOOKUPS UNITY_METAL_SHADOWS_USE_POINT_FILTERING UNITY_NO_SCREENSPACE_SHADOWS UNITY_PBS_USE_BRDF2 UNITY_PBS_USE_BRDF3 UNITY_NO_FULL_STANDARD_SHADER UNITY_HARDWARE_TIER1 UNITY_HARDWARE_TIER2 UNITY_HARDWARE_TIER3 UNITY_COLORSPACE_GAMMA UNITY_HALF_PRECISION_FRAGMENT_SHADER_REGISTERS UNITY_LIGHTMAP_DLDR_ENCODING UNITY_LIGHTMAP_RGBM_ENCODING UNITY_VIRTUAL_TEXTURING UNITY_PRETRANSFORM_TO_DISPLAY_ORIENTATION UNITY_ASTC_NORMALMAP_ENCODING SHADER_API_GLES30 UNITY_UNIFIED_SHADER_PRECISION_MODEL flags=0 lang=0 type=Vertex platform=d3d11 reqs=227 mask=6 start=69 ok=1 outsize=1150

Cmd: compileSnippet
  insize=1562 file=Assets/DefaultResourcesExtra/Hidden/Internal-PrePassLighting pass= cachingPP=1 ppOnly=0 stripLineD=0 buildPlatform=19 rsLen=0 pKW=UNITY_ENABLE_REFLECTION_BUFFERS UNITY_USE_DITHER_MASK_FOR_ALPHABLENDED_SHADOWS UNITY_PBS_USE_BRDF1 UNITY_SPECCUBE_BOX_PROJECTION UNITY_SPECCUBE_BLENDING UNITY_ENABLE_DETAIL_NORMALMAP SHADER_API_DESKTOP UNITY_LIGHT_PROBE_PROXY_VOLUME UNITY_LIGHTMAP_FULL_HDR uKW=POINT_COOKIE SHADOWS_SOFT SHADOWS_CUBE dKW=POINT DIRECTIONAL SPOT DIRECTIONAL_COOKIE SHADOWS_SHADOWMASK LIGHTMAP_SHADOW_MIXING SHADOWS_DEPTH SHADOWS_SCREEN UNITY_NO_DXT5nm UNITY_FRAMEBUFFER_FETCH_AVAILABLE UNITY_ENABLE_NATIVE_SHADOW_LOOKUPS UNITY_METAL_SHADOWS_USE_POINT_FILTERING UNITY_NO_SCREENSPACE_SHADOWS UNITY_PBS_USE_BRDF2 UNITY_PBS_USE_BRDF3 UNITY_NO_FULL_STANDARD_SHADER UNITY_HARDWARE_TIER1 UNITY_HARDWARE_TIER2 UNITY_HARDWARE_TIER3 UNITY_COLORSPACE_GAMMA UNITY_HALF_PRECISION_FRAGMENT_SHADER_REGISTERS UNITY_LIGHTMAP_DLDR_ENCODING UNITY_LIGHTMAP_RGBM_ENCODING UNITY_VIRTUAL_TEXTURING UNITY_PRETRANSFORM_TO_DISPLAY_ORIENTATION UNITY_ASTC_NORMALMAP_ENCODING SHADER_API_GLES30 UNITY_UNIFIED_SHADER_PRECISION_MODEL flags=0 lang=0 type=Fragment platform=d3d11 reqs=227 mask=6 start=69 ok=1 outsize=3294

Cmd: compileSnippet
  insize=11944 file=Assets/DefaultResourcesExtra/Hidden/Internal-ScreenSpaceShadows pass= cachingPP=1 ppOnly=0 stripLineD=0 buildPlatform=19 rsLen=0 pKW=UNITY_ENABLE_REFLECTION_BUFFERS UNITY_USE_DITHER_MASK_FOR_ALPHABLENDED_SHADOWS UNITY_PBS_USE_BRDF1 UNITY_SPECCUBE_BOX_PROJECTION UNITY_SPECCUBE_BLENDING UNITY_ENABLE_DETAIL_NORMALMAP SHADER_API_DESKTOP UNITY_LIGHT_PROBE_PROXY_VOLUME UNITY_LIGHTMAP_FULL_HDR uKW=SHADOWS_SPLIT_SPHERES SHADOWS_SINGLE_CASCADE dKW=UNITY_NO_DXT5nm UNITY_FRAMEBUFFER_FETCH_AVAILABLE UNITY_ENABLE_NATIVE_SHADOW_LOOKUPS UNITY_METAL_SHADOWS_USE_POINT_FILTERING UNITY_NO_SCREENSPACE_SHADOWS UNITY_PBS_USE_BRDF2 UNITY_PBS_USE_BRDF3 UNITY_NO_FULL_STANDARD_SHADER UNITY_HARDWARE_TIER1 UNITY_HARDWARE_TIER2 UNITY_HARDWARE_TIER3 UNITY_COLORSPACE_GAMMA UNITY_HALF_PRECISION_FRAGMENT_SHADER_REGISTERS UNITY_LIGHTMAP_DLDR_ENCODING UNITY_LIGHTMAP_RGBM_ENCODING UNITY_VIRTUAL_TEXTURING UNITY_PRETRANSFORM_TO_DISPLAY_ORIENTATION UNITY_ASTC_NORMALMAP_ENCODING SHADER_API_GLES30 UNITY_UNIFIED_SHADER_PRECISION_MODEL flags=0 lang=0 type=Fragment platform=d3d11 reqs=227 mask=6 start=380 ok=1 outsize=4570

Cmd: compileSnippet
  insize=2104 file=Assets/DefaultResourcesExtra/Hidden/Internal-DeferredShading pass= cachingPP=1 ppOnly=0 stripLineD=0 buildPlatform=19 rsLen=0 pKW=UNITY_ENABLE_REFLECTION_BUFFERS UNITY_USE_DITHER_MASK_FOR_ALPHABLENDED_SHADOWS UNITY_PBS_USE_BRDF1 UNITY_SPECCUBE_BOX_PROJECTION UNITY_SPECCUBE_BLENDING UNITY_ENABLE_DETAIL_NORMALMAP SHADER_API_DESKTOP UNITY_LIGHT_PROBE_PROXY_VOLUME UNITY_LIGHTMAP_FULL_HDR uKW=POINT_COOKIE dKW=UNITY_HDR_ON POINT DIRECTIONAL SPOT DIRECTIONAL_COOKIE SHADOWS_SHADOWMASK LIGHTMAP_SHADOW_MIXING SHADOWS_DEPTH SHADOWS_SOFT SHADOWS_SCREEN SHADOWS_CUBE UNITY_NO_DXT5nm UNITY_FRAMEBUFFER_FETCH_AVAILABLE UNITY_ENABLE_NATIVE_SHADOW_LOOKUPS UNITY_METAL_SHADOWS_USE_POINT_FILTERING UNITY_NO_SCREENSPACE_SHADOWS UNITY_PBS_USE_BRDF2 UNITY_PBS_USE_BRDF3 UNITY_NO_FULL_STANDARD_SHADER UNITY_HARDWARE_TIER1 UNITY_HARDWARE_TIER2 UNITY_HARDWARE_TIER3 UNITY_COLORSPACE_GAMMA UNITY_HALF_PRECISION_FRAGMENT_SHADER_REGISTERS UNITY_LIGHTMAP_DLDR_ENCODING UNITY_LIGHTMAP_RGBM_ENCODING UNITY_VIRTUAL_TEXTURING UNITY_PRETRANSFORM_TO_DISPLAY_ORIENTATION UNITY_ASTC_NORMALMAP_ENCODING SHADER_API_GLES30 UNITY_UNIFIED_SHADER_PRECISION_MODEL flags=0 lang=0 type=Vertex platform=d3d11 reqs=227 mask=6 start=18 ok=1 outsize=1150

Cmd: compileSnippet
  insize=2104 file=Assets/DefaultResourcesExtra/Hidden/Internal-DeferredShading pass= cachingPP=1 ppOnly=0 stripLineD=0 buildPlatform=19 rsLen=0 pKW=UNITY_ENABLE_REFLECTION_BUFFERS UNITY_USE_DITHER_MASK_FOR_ALPHABLENDED_SHADOWS UNITY_PBS_USE_BRDF1 UNITY_SPECCUBE_BOX_PROJECTION UNITY_SPECCUBE_BLENDING UNITY_ENABLE_DETAIL_NORMALMAP SHADER_API_DESKTOP UNITY_LIGHT_PROBE_PROXY_VOLUME UNITY_LIGHTMAP_FULL_HDR uKW=UNITY_HDR_ON POINT SHADOWS_SOFT SHADOWS_CUBE dKW=DIRECTIONAL SPOT POINT_COOKIE DIRECTIONAL_COOKIE SHADOWS_SHADOWMASK LIGHTMAP_SHADOW_MIXING SHADOWS_DEPTH SHADOWS_SCREEN UNITY_NO_DXT5nm UNITY_FRAMEBUFFER_FETCH_AVAILABLE UNITY_ENABLE_NATIVE_SHADOW_LOOKUPS UNITY_METAL_SHADOWS_USE_POINT_FILTERING UNITY_NO_SCREENSPACE_SHADOWS UNITY_PBS_USE_BRDF2 UNITY_PBS_USE_BRDF3 UNITY_NO_FULL_STANDARD_SHADER UNITY_HARDWARE_TIER1 UNITY_HARDWARE_TIER2 UNITY_HARDWARE_TIER3 UNITY_COLORSPACE_GAMMA UNITY_HALF_PRECISION_FRAGMENT_SHADER_REGISTERS UNITY_LIGHTMAP_DLDR_ENCODING UNITY_LIGHTMAP_RGBM_ENCODING UNITY_VIRTUAL_TEXTURING UNITY_PRETRANSFORM_TO_DISPLAY_ORIENTATION UNITY_ASTC_NORMALMAP_ENCODING SHADER_API_GLES30 UNITY_UNIFIED_SHADER_PRECISION_MODEL flags=0 lang=0 type=Vertex platform=d3d11 reqs=227 mask=6 start=18 ok=1 outsize=1150

Cmd: compileSnippet
  insize=2104 file=Assets/DefaultResourcesExtra/Hidden/Internal-DeferredShading pass= cachingPP=1 ppOnly=0 stripLineD=0 buildPlatform=19 rsLen=0 pKW=UNITY_ENABLE_REFLECTION_BUFFERS UNITY_USE_DITHER_MASK_FOR_ALPHABLENDED_SHADOWS UNITY_PBS_USE_BRDF1 UNITY_SPECCUBE_BOX_PROJECTION UNITY_SPECCUBE_BLENDING UNITY_ENABLE_DETAIL_NORMALMAP SHADER_API_DESKTOP UNITY_LIGHT_PROBE_PROXY_VOLUME UNITY_LIGHTMAP_FULL_HDR uKW=UNITY_HDR_ON SPOT dKW=POINT DIRECTIONAL POINT_COOKIE DIRECTIONAL_COOKIE SHADOWS_SHADOWMASK LIGHTMAP_SHADOW_MIXING SHADOWS_DEPTH SHADOWS_SOFT SHADOWS_SCREEN SHADOWS_CUBE UNITY_NO_DXT5nm UNITY_FRAMEBUFFER_FETCH_AVAILABLE UNITY_ENABLE_NATIVE_SHADOW_LOOKUPS UNITY_METAL_SHADOWS_USE_POINT_FILTERING UNITY_NO_SCREENSPACE_SHADOWS UNITY_PBS_USE_BRDF2 UNITY_PBS_USE_BRDF3 UNITY_NO_FULL_STANDARD_SHADER UNITY_HARDWARE_TIER1 UNITY_HARDWARE_TIER2 UNITY_HARDWARE_TIER3 UNITY_COLORSPACE_GAMMA UNITY_HALF_PRECISION_FRAGMENT_SHADER_REGISTERS UNITY_LIGHTMAP_DLDR_ENCODING UNITY_LIGHTMAP_RGBM_ENCODING UNITY_VIRTUAL_TEXTURING UNITY_PRETRANSFORM_TO_DISPLAY_ORIENTATION UNITY_ASTC_NORMALMAP_ENCODING SHADER_API_GLES30 UNITY_UNIFIED_SHADER_PRECISION_MODEL flags=0 lang=0 type=Fragment platform=d3d11 reqs=227 mask=6 start=18 ok=1 outsize=3558

Cmd: compileSnippet
  insize=1939 file=Assets/DefaultResourcesExtra/Sprites/Mask pass= cachingPP=1 ppOnly=0 stripLineD=0 buildPlatform=19 rsLen=0 pKW=UNITY_ENABLE_REFLECTION_BUFFERS UNITY_USE_DITHER_MASK_FOR_ALPHABLENDED_SHADOWS UNITY_PBS_USE_BRDF1 UNITY_SPECCUBE_BOX_PROJECTION UNITY_SPECCUBE_BLENDING UNITY_ENABLE_DETAIL_NORMALMAP SHADER_API_DESKTOP UNITY_LIGHT_PROBE_PROXY_VOLUME UNITY_LIGHTMAP_FULL_HDR uKW=ETC1_EXTERNAL_ALPHA dKW=PIXELSNAP_ON UNITY_NO_DXT5nm UNITY_FRAMEBUFFER_FETCH_AVAILABLE UNITY_ENABLE_NATIVE_SHADOW_LOOKUPS UNITY_METAL_SHADOWS_USE_POINT_FILTERING UNITY_NO_SCREENSPACE_SHADOWS UNITY_PBS_USE_BRDF2 UNITY_PBS_USE_BRDF3 UNITY_NO_FULL_STANDARD_SHADER UNITY_HARDWARE_TIER1 UNITY_HARDWARE_TIER2 UNITY_HARDWARE_TIER3 UNITY_COLORSPACE_GAMMA UNITY_HALF_PRECISION_FRAGMENT_SHADER_REGISTERS UNITY_LIGHTMAP_DLDR_ENCODING UNITY_LIGHTMAP_RGBM_ENCODING UNITY_VIRTUAL_TEXTURING UNITY_PRETRANSFORM_TO_DISPLAY_ORIENTATION UNITY_ASTC_NORMALMAP_ENCODING SHADER_API_GLES30 UNITY_UNIFIED_SHADER_PRECISION_MODEL flags=0 lang=0 type=Fragment platform=d3d11 reqs=33 mask=6 start=32 ok=1 outsize=606

